{"/Users/ygorbarros/Desktop/musicNotes/src/audio/engine.ts": {"path":"/Users/ygorbarros/Desktop/musicNotes/src/audio/engine.ts","statementMap":{"0":{"start":{"line":10,"column":31},"end":{"line":10,"column":null}},"1":{"start":{"line":14,"column":2},"end":{"line":16,"column":null}},"2":{"start":{"line":15,"column":17},"end":{"line":15,"column":null}},"3":{"start":{"line":16,"column":4},"end":{"line":16,"column":null}},"4":{"start":{"line":18,"column":2},"end":{"line":18,"column":null}},"5":{"start":{"line":23,"column":12},"end":{"line":23,"column":20}},"6":{"start":{"line":24,"column":2},"end":{"line":24,"column":null}},"7":{"start":{"line":24,"column":31},"end":{"line":24,"column":null}},"8":{"start":{"line":38,"column":12},"end":{"line":38,"column":20}},"9":{"start":{"line":39,"column":2},"end":{"line":39,"column":null}},"10":{"start":{"line":40,"column":15},"end":{"line":40,"column":null}},"11":{"start":{"line":41,"column":15},"end":{"line":41,"column":null}},"12":{"start":{"line":42,"column":19},"end":{"line":42,"column":null}},"13":{"start":{"line":43,"column":16},"end":{"line":43,"column":null}},"14":{"start":{"line":44,"column":14},"end":{"line":44,"column":34}},"15":{"start":{"line":45,"column":15},"end":{"line":45,"column":29}},"16":{"start":{"line":46,"column":2},"end":{"line":46,"column":null}},"17":{"start":{"line":47,"column":2},"end":{"line":47,"column":null}},"18":{"start":{"line":48,"column":2},"end":{"line":48,"column":null}},"19":{"start":{"line":49,"column":2},"end":{"line":49,"column":null}},"20":{"start":{"line":50,"column":2},"end":{"line":50,"column":null}},"21":{"start":{"line":51,"column":2},"end":{"line":51,"column":null}},"22":{"start":{"line":52,"column":2},"end":{"line":52,"column":null}},"23":{"start":{"line":71,"column":12},"end":{"line":71,"column":20}},"24":{"start":{"line":72,"column":2},"end":{"line":72,"column":null}},"25":{"start":{"line":73,"column":17},"end":{"line":73,"column":null}},"26":{"start":{"line":74,"column":17},"end":{"line":74,"column":null}},"27":{"start":{"line":75,"column":14},"end":{"line":75,"column":34}},"28":{"start":{"line":76,"column":15},"end":{"line":76,"column":29}},"29":{"start":{"line":77,"column":2},"end":{"line":77,"column":null}},"30":{"start":{"line":78,"column":2},"end":{"line":78,"column":null}},"31":{"start":{"line":79,"column":2},"end":{"line":79,"column":null}},"32":{"start":{"line":80,"column":2},"end":{"line":80,"column":null}},"33":{"start":{"line":81,"column":2},"end":{"line":81,"column":null}},"34":{"start":{"line":82,"column":2},"end":{"line":82,"column":null}},"35":{"start":{"line":84,"column":16},"end":{"line":84,"column":null}},"36":{"start":{"line":85,"column":2},"end":{"line":101,"column":null}},"37":{"start":{"line":87,"column":6},"end":{"line":87,"column":null}},"38":{"start":{"line":90,"column":6},"end":{"line":90,"column":null}},"39":{"start":{"line":93,"column":6},"end":{"line":93,"column":null}},"40":{"start":{"line":93,"column":19},"end":{"line":93,"column":null}},"41":{"start":{"line":94,"column":6},"end":{"line":94,"column":null}},"42":{"start":{"line":95,"column":18},"end":{"line":95,"column":null}},"43":{"start":{"line":96,"column":6},"end":{"line":96,"column":null}},"44":{"start":{"line":97,"column":6},"end":{"line":97,"column":null}},"45":{"start":{"line":98,"column":6},"end":{"line":98,"column":null}},"46":{"start":{"line":99,"column":6},"end":{"line":99,"column":null}}},"fnMap":{"0":{"name":"output","decl":{"start":{"line":13,"column":16},"end":{"line":13,"column":39}},"loc":{"start":{"line":13,"column":39},"end":{"line":18,"column":null}},"line":13},"1":{"name":"resume","decl":{"start":{"line":22,"column":16},"end":{"line":22,"column":31}},"loc":{"start":{"line":22,"column":31},"end":{"line":24,"column":null}},"line":22},"2":{"name":"tone","decl":{"start":{"line":37,"column":16},"end":{"line":37,"column":21}},"loc":{"start":{"line":37,"column":46},"end":{"line":52,"column":null}},"line":37},"3":{"name":"startTone","decl":{"start":{"line":70,"column":16},"end":{"line":70,"column":26}},"loc":{"start":{"line":70,"column":57},"end":{"line":101,"column":null}},"line":70},"4":{"name":"setFrequency","decl":{"start":{"line":86,"column":4},"end":{"line":86,"column":17}},"loc":{"start":{"line":86,"column":23},"end":{"line":87,"column":null}},"line":86},"5":{"name":"setGain","decl":{"start":{"line":89,"column":4},"end":{"line":89,"column":12}},"loc":{"start":{"line":89,"column":15},"end":{"line":90,"column":null}},"line":89},"6":{"name":"stop","decl":{"start":{"line":92,"column":4},"end":{"line":92,"column":9}},"loc":{"start":{"line":92,"column":25},"end":{"line":99,"column":null}},"line":92}},"branchMap":{"0":{"loc":{"start":{"line":14,"column":2},"end":{"line":16,"column":null}},"type":"if","locations":[{"start":{"line":14,"column":2},"end":{"line":16,"column":null}},{"start":{},"end":{}}],"line":14},"1":{"loc":{"start":{"line":15,"column":17},"end":{"line":15,"column":null}},"type":"binary-expr","locations":[{"start":{"line":15,"column":17},"end":{"line":15,"column":41}},{"start":{"line":15,"column":41},"end":{"line":15,"column":null}}],"line":15},"2":{"loc":{"start":{"line":24,"column":2},"end":{"line":24,"column":null}},"type":"if","locations":[{"start":{"line":24,"column":2},"end":{"line":24,"column":null}},{"start":{},"end":{}}],"line":24},"3":{"loc":{"start":{"line":40,"column":15},"end":{"line":40,"column":null}},"type":"binary-expr","locations":[{"start":{"line":40,"column":15},"end":{"line":40,"column":28}},{"start":{"line":40,"column":28},"end":{"line":40,"column":null}}],"line":40},"4":{"loc":{"start":{"line":41,"column":15},"end":{"line":41,"column":null}},"type":"binary-expr","locations":[{"start":{"line":41,"column":15},"end":{"line":41,"column":28}},{"start":{"line":41,"column":28},"end":{"line":41,"column":null}}],"line":41},"5":{"loc":{"start":{"line":42,"column":19},"end":{"line":42,"column":null}},"type":"binary-expr","locations":[{"start":{"line":42,"column":19},"end":{"line":42,"column":36}},{"start":{"line":42,"column":36},"end":{"line":42,"column":null}}],"line":42},"6":{"loc":{"start":{"line":43,"column":16},"end":{"line":43,"column":null}},"type":"binary-expr","locations":[{"start":{"line":43,"column":16},"end":{"line":43,"column":30}},{"start":{"line":43,"column":30},"end":{"line":43,"column":null}}],"line":43},"7":{"loc":{"start":{"line":46,"column":13},"end":{"line":46,"column":null}},"type":"binary-expr","locations":[{"start":{"line":46,"column":13},"end":{"line":46,"column":26}},{"start":{"line":46,"column":26},"end":{"line":46,"column":null}}],"line":46},"8":{"loc":{"start":{"line":73,"column":17},"end":{"line":73,"column":null}},"type":"binary-expr","locations":[{"start":{"line":73,"column":17},"end":{"line":73,"column":30}},{"start":{"line":73,"column":30},"end":{"line":73,"column":null}}],"line":73},"9":{"loc":{"start":{"line":74,"column":17},"end":{"line":74,"column":null}},"type":"binary-expr","locations":[{"start":{"line":74,"column":17},"end":{"line":74,"column":32}},{"start":{"line":74,"column":32},"end":{"line":74,"column":null}}],"line":74},"10":{"loc":{"start":{"line":77,"column":13},"end":{"line":77,"column":null}},"type":"binary-expr","locations":[{"start":{"line":77,"column":13},"end":{"line":77,"column":26}},{"start":{"line":77,"column":26},"end":{"line":77,"column":null}}],"line":77},"11":{"loc":{"start":{"line":92,"column":9},"end":{"line":92,"column":25}},"type":"default-arg","locations":[{"start":{"line":92,"column":19},"end":{"line":92,"column":25}}],"line":92},"12":{"loc":{"start":{"line":93,"column":6},"end":{"line":93,"column":null}},"type":"if","locations":[{"start":{"line":93,"column":6},"end":{"line":93,"column":null}},{"start":{},"end":{}}],"line":93}},"s":{"0":1,"1":0,"2":0,"3":0,"4":0,"5":0,"6":0,"7":0,"8":0,"9":0,"10":0,"11":0,"12":0,"13":0,"14":0,"15":0,"16":0,"17":0,"18":0,"19":0,"20":0,"21":0,"22":0,"23":0,"24":0,"25":0,"26":0,"27":0,"28":0,"29":0,"30":0,"31":0,"32":0,"33":0,"34":0,"35":0,"36":0,"37":0,"38":0,"39":0,"40":0,"41":0,"42":0,"43":0,"44":0,"45":0,"46":0},"f":{"0":0,"1":0,"2":0,"3":0,"4":0,"5":0,"6":0},"b":{"0":[0,0],"1":[0,0],"2":[0,0],"3":[0,0],"4":[0,0],"5":[0,0],"6":[0,0],"7":[0,0],"8":[0,0],"9":[0,0],"10":[0,0],"11":[0],"12":[0,0]},"meta":{"lastBranch":13,"lastFunction":7,"lastStatement":47,"seen":{"s:10:31:10:Infinity":0,"f:13:16:13:39":0,"b:14:2:16:Infinity:undefined:undefined:undefined:undefined":0,"s:14:2:16:Infinity":1,"s:15:17:15:Infinity":2,"b:15:17:15:41:15:41:15:Infinity":1,"s:16:4:16:Infinity":3,"s:18:2:18:Infinity":4,"f:22:16:22:31":1,"s:23:12:23:20":5,"b:24:2:24:Infinity:undefined:undefined:undefined:undefined":2,"s:24:2:24:Infinity":6,"s:24:31:24:Infinity":7,"f:37:16:37:21":2,"s:38:12:38:20":8,"s:39:2:39:Infinity":9,"s:40:15:40:Infinity":10,"b:40:15:40:28:40:28:40:Infinity":3,"s:41:15:41:Infinity":11,"b:41:15:41:28:41:28:41:Infinity":4,"s:42:19:42:Infinity":12,"b:42:19:42:36:42:36:42:Infinity":5,"s:43:16:43:Infinity":13,"b:43:16:43:30:43:30:43:Infinity":6,"s:44:14:44:34":14,"s:45:15:45:29":15,"s:46:2:46:Infinity":16,"b:46:13:46:26:46:26:46:Infinity":7,"s:47:2:47:Infinity":17,"s:48:2:48:Infinity":18,"s:49:2:49:Infinity":19,"s:50:2:50:Infinity":20,"s:51:2:51:Infinity":21,"s:52:2:52:Infinity":22,"f:70:16:70:26":3,"s:71:12:71:20":23,"s:72:2:72:Infinity":24,"s:73:17:73:Infinity":25,"b:73:17:73:30:73:30:73:Infinity":8,"s:74:17:74:Infinity":26,"b:74:17:74:32:74:32:74:Infinity":9,"s:75:14:75:34":27,"s:76:15:76:29":28,"s:77:2:77:Infinity":29,"b:77:13:77:26:77:26:77:Infinity":10,"s:78:2:78:Infinity":30,"s:79:2:79:Infinity":31,"s:80:2:80:Infinity":32,"s:81:2:81:Infinity":33,"s:82:2:82:Infinity":34,"s:84:16:84:Infinity":35,"s:85:2:101:Infinity":36,"f:86:4:86:17":4,"s:87:6:87:Infinity":37,"f:89:4:89:12":5,"s:90:6:90:Infinity":38,"f:92:4:92:9":6,"b:92:19:92:25":11,"b:93:6:93:Infinity:undefined:undefined:undefined:undefined":12,"s:93:6:93:Infinity":39,"s:93:19:93:Infinity":40,"s:94:6:94:Infinity":41,"s:95:18:95:Infinity":42,"s:96:6:96:Infinity":43,"s:97:6:97:Infinity":44,"s:98:6:98:Infinity":45,"s:99:6:99:Infinity":46},"fnNames":{}}}
,"/Users/ygorbarros/Desktop/musicNotes/src/cells/id.ts": {"path":"/Users/ygorbarros/Desktop/musicNotes/src/cells/id.ts","statementMap":{"0":{"start":{"line":2,"column":13},"end":{"line":3,"column":84}},"1":{"start":{"line":3,"column":2},"end":{"line":3,"column":84}}},"fnMap":{"0":{"name":"(anonymous_0)","decl":{"start":{"line":2,"column":13},"end":{"line":2,"column":null}},"loc":{"start":{"line":3,"column":2},"end":{"line":3,"column":84}},"line":3}},"branchMap":{},"s":{"0":2,"1":2014},"f":{"0":2014},"b":{},"meta":{"lastBranch":0,"lastFunction":1,"lastStatement":2,"seen":{"s:2:13:3:84":0,"f:2:13:2:Infinity":0,"s:3:2:3:84":1},"fnNames":{}}}
,"/Users/ygorbarros/Desktop/musicNotes/src/cells/kinds.ts": {"path":"/Users/ygorbarros/Desktop/musicNotes/src/cells/kinds.ts","statementMap":{"0":{"start":{"line":8,"column":21},"end":{"line":8,"column":null}},"1":{"start":{"line":115,"column":2},"end":{"line":115,"column":null}},"2":{"start":{"line":117,"column":49},"end":{"line":125,"column":null}},"3":{"start":{"line":127,"column":13},"end":{"line":127,"column":null}},"4":{"start":{"line":127,"column":44},"end":{"line":127,"column":null}},"5":{"start":{"line":129,"column":13},"end":{"line":134,"column":null}},"6":{"start":{"line":129,"column":46},"end":{"line":134,"column":null}},"7":{"start":{"line":136,"column":13},"end":{"line":141,"column":null}},"8":{"start":{"line":136,"column":46},"end":{"line":141,"column":null}},"9":{"start":{"line":143,"column":13},"end":{"line":149,"column":null}},"10":{"start":{"line":143,"column":46},"end":{"line":149,"column":null}},"11":{"start":{"line":151,"column":13},"end":{"line":159,"column":null}},"12":{"start":{"line":151,"column":42},"end":{"line":159,"column":null}},"13":{"start":{"line":161,"column":13},"end":{"line":161,"column":null}},"14":{"start":{"line":161,"column":46},"end":{"line":161,"column":null}},"15":{"start":{"line":165,"column":64},"end":{"line":172,"column":null}},"16":{"start":{"line":175,"column":13},"end":{"line":177,"column":null}},"17":{"start":{"line":176,"column":12},"end":{"line":176,"column":22}},"18":{"start":{"line":177,"column":2},"end":{"line":177,"column":null}}},"fnMap":{"0":{"name":"(anonymous_0)","decl":{"start":{"line":127,"column":13},"end":{"line":127,"column":44}},"loc":{"start":{"line":127,"column":44},"end":{"line":127,"column":null}},"line":127},"1":{"name":"(anonymous_1)","decl":{"start":{"line":129,"column":13},"end":{"line":129,"column":46}},"loc":{"start":{"line":129,"column":46},"end":{"line":134,"column":null}},"line":129},"2":{"name":"(anonymous_2)","decl":{"start":{"line":136,"column":13},"end":{"line":136,"column":46}},"loc":{"start":{"line":136,"column":46},"end":{"line":141,"column":null}},"line":136},"3":{"name":"(anonymous_3)","decl":{"start":{"line":143,"column":13},"end":{"line":143,"column":46}},"loc":{"start":{"line":143,"column":46},"end":{"line":149,"column":null}},"line":143},"4":{"name":"(anonymous_4)","decl":{"start":{"line":151,"column":13},"end":{"line":151,"column":42}},"loc":{"start":{"line":151,"column":42},"end":{"line":159,"column":null}},"line":151},"5":{"name":"(anonymous_5)","decl":{"start":{"line":161,"column":13},"end":{"line":161,"column":46}},"loc":{"start":{"line":161,"column":46},"end":{"line":161,"column":null}},"line":161},"6":{"name":"(anonymous_6)","decl":{"start":{"line":175,"column":13},"end":{"line":175,"column":43}},"loc":{"start":{"line":175,"column":43},"end":{"line":177,"column":null}},"line":175}},"branchMap":{},"s":{"0":1,"1":1,"2":1,"3":1,"4":2,"5":1,"6":2,"7":1,"8":2,"9":1,"10":2,"11":1,"12":2,"13":1,"14":2,"15":1,"16":1,"17":1,"18":1},"f":{"0":2,"1":2,"2":2,"3":2,"4":2,"5":2,"6":1},"b":{},"meta":{"lastBranch":0,"lastFunction":7,"lastStatement":19,"seen":{"s:8:21:8:Infinity":0,"s:115:2:115:Infinity":1,"s:117:49:125:Infinity":2,"s:127:13:127:Infinity":3,"f:127:13:127:44":0,"s:127:44:127:Infinity":4,"s:129:13:134:Infinity":5,"f:129:13:129:46":1,"s:129:46:134:Infinity":6,"s:136:13:141:Infinity":7,"f:136:13:136:46":2,"s:136:46:141:Infinity":8,"s:143:13:149:Infinity":9,"f:143:13:143:46":3,"s:143:46:149:Infinity":10,"s:151:13:159:Infinity":11,"f:151:13:151:42":4,"s:151:42:159:Infinity":12,"s:161:13:161:Infinity":13,"f:161:13:161:46":5,"s:161:46:161:Infinity":14,"s:165:64:172:Infinity":15,"s:175:13:177:Infinity":16,"f:175:13:175:43":6,"s:176:12:176:22":17,"s:177:2:177:Infinity":18},"fnNames":{}}}
,"/Users/ygorbarros/Desktop/musicNotes/src/cells/registry.tsx": {"path":"/Users/ygorbarros/Desktop/musicNotes/src/cells/registry.tsx","statementMap":{"0":{"start":{"line":33,"column":52},"end":{"line":83,"column":null}},"1":{"start":{"line":86,"column":46},"end":{"line":86,"column":null}}},"fnMap":{},"branchMap":{},"s":{"0":0,"1":0},"f":{},"b":{},"meta":{"lastBranch":0,"lastFunction":0,"lastStatement":2,"seen":{"s:33:52:83:Infinity":0,"s:86:46:86:Infinity":1},"fnNames":{}}}
,"/Users/ygorbarros/Desktop/musicNotes/src/components/AddBar/AddBar.tsx": {"path":"/Users/ygorbarros/Desktop/musicNotes/src/components/AddBar/AddBar.tsx","statementMap":{"0":{"start":{"line":10,"column":10},"end":{"line":10,"column":32}},"1":{"start":{"line":11,"column":10},"end":{"line":11,"column":37}},"2":{"start":{"line":12,"column":10},"end":{"line":12,"column":25}},"3":{"start":{"line":13,"column":2},"end":{"line":45,"column":null}},"4":{"start":{"line":23,"column":23},"end":{"line":23,"column":null}},"5":{"start":{"line":24,"column":23},"end":{"line":24,"column":null}},"6":{"start":{"line":25,"column":10},"end":{"line":41,"column":null}},"7":{"start":{"line":38,"column":29},"end":{"line":38,"column":54}}},"fnMap":{"0":{"name":"AddBar","decl":{"start":{"line":9,"column":24},"end":{"line":9,"column":33}},"loc":{"start":{"line":9,"column":33},"end":{"line":45,"column":null}},"line":9},"1":{"name":"(anonymous_1)","decl":{"start":{"line":22,"column":23},"end":{"line":22,"column":28}},"loc":{"start":{"line":22,"column":37},"end":{"line":41,"column":null}},"line":22},"2":{"name":"(anonymous_2)","decl":{"start":{"line":38,"column":14},"end":{"line":38,"column":29}},"loc":{"start":{"line":38,"column":29},"end":{"line":38,"column":54}},"line":38}},"branchMap":{},"s":{"0":0,"1":0,"2":0,"3":0,"4":0,"5":0,"6":0,"7":0},"f":{"0":0,"1":0,"2":0},"b":{},"meta":{"lastBranch":0,"lastFunction":3,"lastStatement":8,"seen":{"f:9:24:9:33":0,"s:10:10:10:32":0,"s:11:10:11:37":1,"s:12:10:12:25":2,"s:13:2:45:Infinity":3,"f:22:23:22:28":1,"s:23:23:23:Infinity":4,"s:24:23:24:Infinity":5,"s:25:10:41:Infinity":6,"f:38:14:38:29":2,"s:38:29:38:54":7},"fnNames":{}}}
,"/Users/ygorbarros/Desktop/musicNotes/src/components/AnnotationLayer/AnnotationLayer.hooks.ts": {"path":"/Users/ygorbarros/Desktop/musicNotes/src/components/AnnotationLayer/AnnotationLayer.hooks.ts","statementMap":{"0":{"start":{"line":17,"column":15},"end":{"line":17,"column":49}},"1":{"start":{"line":18,"column":17},"end":{"line":18,"column":53}},"2":{"start":{"line":20,"column":2},"end":{"line":23,"column":null}},"3":{"start":{"line":21,"column":4},"end":{"line":21,"column":null}},"4":{"start":{"line":22,"column":4},"end":{"line":22,"column":null}},"5":{"start":{"line":27,"column":8},"end":{"line":30,"column":null}},"6":{"start":{"line":28,"column":4},"end":{"line":28,"column":null}},"7":{"start":{"line":29,"column":4},"end":{"line":29,"column":null}},"8":{"start":{"line":30,"column":4},"end":{"line":30,"column":null}},"9":{"start":{"line":33,"column":8},"end":{"line":37,"column":null}},"10":{"start":{"line":34,"column":4},"end":{"line":34,"column":null}},"11":{"start":{"line":34,"column":22},"end":{"line":34,"column":null}},"12":{"start":{"line":35,"column":4},"end":{"line":35,"column":null}},"13":{"start":{"line":36,"column":4},"end":{"line":36,"column":null}},"14":{"start":{"line":37,"column":4},"end":{"line":37,"column":null}},"15":{"start":{"line":40,"column":8},"end":{"line":44,"column":null}},"16":{"start":{"line":41,"column":4},"end":{"line":41,"column":null}},"17":{"start":{"line":41,"column":24},"end":{"line":41,"column":null}},"18":{"start":{"line":42,"column":4},"end":{"line":42,"column":null}},"19":{"start":{"line":43,"column":4},"end":{"line":43,"column":null}},"20":{"start":{"line":44,"column":4},"end":{"line":44,"column":null}},"21":{"start":{"line":47,"column":8},"end":{"line":49,"column":null}},"22":{"start":{"line":48,"column":4},"end":{"line":48,"column":null}},"23":{"start":{"line":48,"column":25},"end":{"line":48,"column":null}},"24":{"start":{"line":49,"column":4},"end":{"line":49,"column":null}},"25":{"start":{"line":52,"column":2},"end":{"line":60,"column":null}}},"fnMap":{"0":{"name":"useStrokeHistory","decl":{"start":{"line":12,"column":16},"end":{"line":12,"column":null}},"loc":{"start":{"line":16,"column":2},"end":{"line":60,"column":null}},"line":16},"1":{"name":"(anonymous_1)","decl":{"start":{"line":20,"column":2},"end":{"line":20,"column":18}},"loc":{"start":{"line":20,"column":18},"end":{"line":23,"column":6}},"line":20},"2":{"name":"(anonymous_2)","decl":{"start":{"line":27,"column":8},"end":{"line":27,"column":18}},"loc":{"start":{"line":27,"column":36},"end":{"line":30,"column":null}},"line":27},"3":{"name":"(anonymous_3)","decl":{"start":{"line":33,"column":8},"end":{"line":33,"column":21}},"loc":{"start":{"line":33,"column":21},"end":{"line":37,"column":null}},"line":33},"4":{"name":"(anonymous_4)","decl":{"start":{"line":40,"column":8},"end":{"line":40,"column":21}},"loc":{"start":{"line":40,"column":21},"end":{"line":44,"column":null}},"line":40},"5":{"name":"(anonymous_5)","decl":{"start":{"line":47,"column":8},"end":{"line":47,"column":22}},"loc":{"start":{"line":47,"column":22},"end":{"line":49,"column":null}},"line":47}},"branchMap":{"0":{"loc":{"start":{"line":34,"column":4},"end":{"line":34,"column":null}},"type":"if","locations":[{"start":{"line":34,"column":4},"end":{"line":34,"column":null}},{"start":{},"end":{}}],"line":34},"1":{"loc":{"start":{"line":41,"column":4},"end":{"line":41,"column":null}},"type":"if","locations":[{"start":{"line":41,"column":4},"end":{"line":41,"column":null}},{"start":{},"end":{}}],"line":41},"2":{"loc":{"start":{"line":48,"column":4},"end":{"line":48,"column":null}},"type":"if","locations":[{"start":{"line":48,"column":4},"end":{"line":48,"column":null}},{"start":{},"end":{}}],"line":48}},"s":{"0":15,"1":15,"2":15,"3":2,"4":2,"5":15,"6":3,"7":3,"8":3,"9":15,"10":2,"11":0,"12":2,"13":2,"14":2,"15":15,"16":1,"17":0,"18":1,"19":1,"20":1,"21":15,"22":0,"23":0,"24":0,"25":15},"f":{"0":15,"1":2,"2":3,"3":2,"4":1,"5":0},"b":{"0":[0,2],"1":[0,1],"2":[0,0]},"meta":{"lastBranch":3,"lastFunction":6,"lastStatement":26,"seen":{"f:12:16:12:Infinity":0,"s:17:15:17:49":0,"s:18:17:18:53":1,"s:20:2:23:Infinity":2,"f:20:2:20:18":1,"s:21:4:21:Infinity":3,"s:22:4:22:Infinity":4,"s:27:8:30:Infinity":5,"f:27:8:27:18":2,"s:28:4:28:Infinity":6,"s:29:4:29:Infinity":7,"s:30:4:30:Infinity":8,"s:33:8:37:Infinity":9,"f:33:8:33:21":3,"b:34:4:34:Infinity:undefined:undefined:undefined:undefined":0,"s:34:4:34:Infinity":10,"s:34:22:34:Infinity":11,"s:35:4:35:Infinity":12,"s:36:4:36:Infinity":13,"s:37:4:37:Infinity":14,"s:40:8:44:Infinity":15,"f:40:8:40:21":4,"b:41:4:41:Infinity:undefined:undefined:undefined:undefined":1,"s:41:4:41:Infinity":16,"s:41:24:41:Infinity":17,"s:42:4:42:Infinity":18,"s:43:4:43:Infinity":19,"s:44:4:44:Infinity":20,"s:47:8:49:Infinity":21,"f:47:8:47:22":5,"b:48:4:48:Infinity:undefined:undefined:undefined:undefined":2,"s:48:4:48:Infinity":22,"s:48:25:48:Infinity":23,"s:49:4:49:Infinity":24,"s:52:2:60:Infinity":25},"fnNames":{}}}
,"/Users/ygorbarros/Desktop/musicNotes/src/components/AnnotationLayer/AnnotationLayer.tsx": {"path":"/Users/ygorbarros/Desktop/musicNotes/src/components/AnnotationLayer/AnnotationLayer.tsx","statementMap":{"0":{"start":{"line":32,"column":8},"end":{"line":32,"column":51}},"1":{"start":{"line":33,"column":8},"end":{"line":33,"column":34}},"2":{"start":{"line":34,"column":8},"end":{"line":34,"column":55}},"3":{"start":{"line":35,"column":8},"end":{"line":35,"column":56}},"4":{"start":{"line":36,"column":2},"end":{"line":36,"column":null}},"5":{"start":{"line":40,"column":15},"end":{"line":40,"column":null}},"6":{"start":{"line":41,"column":4},"end":{"line":41,"column":null}},"7":{"start":{"line":41,"column":13},"end":{"line":41,"column":null}},"8":{"start":{"line":42,"column":17},"end":{"line":42,"column":43}},"9":{"start":{"line":43,"column":14},"end":{"line":43,"column":null}},"10":{"start":{"line":44,"column":14},"end":{"line":44,"column":null}},"11":{"start":{"line":45,"column":16},"end":{"line":45,"column":57}},"12":{"start":{"line":46,"column":4},"end":{"line":46,"column":null}},"13":{"start":{"line":47,"column":4},"end":{"line":47,"column":null}},"14":{"start":{"line":48,"column":16},"end":{"line":48,"column":35}},"15":{"start":{"line":49,"column":4},"end":{"line":49,"column":null}},"16":{"start":{"line":50,"column":4},"end":{"line":50,"column":null}},"17":{"start":{"line":51,"column":4},"end":{"line":51,"column":null}},"18":{"start":{"line":52,"column":4},"end":{"line":52,"column":null}},"19":{"start":{"line":52,"column":25},"end":{"line":52,"column":null}},"20":{"start":{"line":55,"column":2},"end":{"line":63,"column":null}},"21":{"start":{"line":56,"column":4},"end":{"line":56,"column":null}},"22":{"start":{"line":57,"column":15},"end":{"line":57,"column":null}},"23":{"start":{"line":58,"column":4},"end":{"line":58,"column":null}},"24":{"start":{"line":58,"column":54},"end":{"line":58,"column":null}},"25":{"start":{"line":59,"column":15},"end":{"line":59,"column":50}},"26":{"start":{"line":59,"column":40},"end":{"line":59,"column":49}},"27":{"start":{"line":60,"column":4},"end":{"line":60,"column":null}},"28":{"start":{"line":61,"column":4},"end":{"line":61,"column":null}},"29":{"start":{"line":61,"column":17},"end":{"line":61,"column":32}},"30":{"start":{"line":66,"column":17},"end":{"line":66,"column":59}},"31":{"start":{"line":67,"column":4},"end":{"line":70,"column":null}},"32":{"start":{"line":74,"column":10},"end":{"line":74,"column":71}},"33":{"start":{"line":75,"column":4},"end":{"line":80,"column":null}},"34":{"start":{"line":76,"column":19},"end":{"line":76,"column":45}},"35":{"start":{"line":77,"column":6},"end":{"line":77,"column":null}},"36":{"start":{"line":78,"column":6},"end":{"line":78,"column":null}},"37":{"start":{"line":79,"column":6},"end":{"line":79,"column":null}},"38":{"start":{"line":80,"column":6},"end":{"line":80,"column":null}},"39":{"start":{"line":85,"column":4},"end":{"line":85,"column":null}},"40":{"start":{"line":85,"column":17},"end":{"line":85,"column":null}},"41":{"start":{"line":86,"column":4},"end":{"line":86,"column":null}},"42":{"start":{"line":87,"column":4},"end":{"line":87,"column":null}},"43":{"start":{"line":88,"column":15},"end":{"line":88,"column":22}},"44":{"start":{"line":89,"column":4},"end":{"line":93,"column":null}},"45":{"start":{"line":90,"column":6},"end":{"line":90,"column":null}},"46":{"start":{"line":92,"column":6},"end":{"line":92,"column":null}},"47":{"start":{"line":93,"column":6},"end":{"line":93,"column":null}},"48":{"start":{"line":98,"column":4},"end":{"line":98,"column":null}},"49":{"start":{"line":98,"column":40},"end":{"line":98,"column":null}},"50":{"start":{"line":99,"column":15},"end":{"line":99,"column":22}},"51":{"start":{"line":100,"column":4},"end":{"line":104,"column":null}},"52":{"start":{"line":101,"column":6},"end":{"line":101,"column":null}},"53":{"start":{"line":102,"column":15},"end":{"line":104,"column":null}},"54":{"start":{"line":103,"column":6},"end":{"line":103,"column":null}},"55":{"start":{"line":104,"column":6},"end":{"line":104,"column":null}},"56":{"start":{"line":109,"column":4},"end":{"line":109,"column":null}},"57":{"start":{"line":109,"column":29},"end":{"line":109,"column":null}},"58":{"start":{"line":110,"column":4},"end":{"line":110,"column":null}},"59":{"start":{"line":111,"column":4},"end":{"line":112,"column":null}},"60":{"start":{"line":112,"column":6},"end":{"line":112,"column":null}},"61":{"start":{"line":114,"column":4},"end":{"line":114,"column":null}},"62":{"start":{"line":117,"column":2},"end":{"line":126,"column":null}}},"fnMap":{"0":{"name":"AnnotationLayer","decl":{"start":{"line":15,"column":24},"end":{"line":15,"column":40}},"loc":{"start":{"line":31,"column":3},"end":{"line":126,"column":null}},"line":31},"1":{"name":"repaint","decl":{"start":{"line":39,"column":11},"end":{"line":39,"column":21}},"loc":{"start":{"line":39,"column":21},"end":{"line":52,"column":null}},"line":39},"2":{"name":"(anonymous_2)","decl":{"start":{"line":55,"column":2},"end":{"line":55,"column":18}},"loc":{"start":{"line":55,"column":18},"end":{"line":63,"column":6}},"line":55},"3":{"name":"(anonymous_3)","decl":{"start":{"line":59,"column":19},"end":{"line":59,"column":40}},"loc":{"start":{"line":59,"column":40},"end":{"line":59,"column":49}},"line":59},"4":{"name":"(anonymous_4)","decl":{"start":{"line":61,"column":4},"end":{"line":61,"column":17}},"loc":{"start":{"line":61,"column":17},"end":{"line":61,"column":32}},"line":61},"5":{"name":"norm","decl":{"start":{"line":65,"column":11},"end":{"line":65,"column":16}},"loc":{"start":{"line":65,"column":56},"end":{"line":70,"column":null}},"line":65},"6":{"name":"eraseAt","decl":{"start":{"line":73,"column":11},"end":{"line":73,"column":19}},"loc":{"start":{"line":73,"column":41},"end":{"line":80,"column":null}},"line":73},"7":{"name":"onDown","decl":{"start":{"line":84,"column":11},"end":{"line":84,"column":18}},"loc":{"start":{"line":84,"column":40},"end":{"line":93,"column":null}},"line":84},"8":{"name":"onMove","decl":{"start":{"line":97,"column":11},"end":{"line":97,"column":18}},"loc":{"start":{"line":97,"column":40},"end":{"line":104,"column":null}},"line":97},"9":{"name":"onUp","decl":{"start":{"line":108,"column":11},"end":{"line":108,"column":18}},"loc":{"start":{"line":108,"column":18},"end":{"line":114,"column":null}},"line":108}},"branchMap":{"0":{"loc":{"start":{"line":18,"column":2},"end":{"line":18,"column":null}},"type":"default-arg","locations":[{"start":{"line":18,"column":11},"end":{"line":18,"column":null}}],"line":18},"1":{"loc":{"start":{"line":19,"column":2},"end":{"line":19,"column":null}},"type":"default-arg","locations":[{"start":{"line":19,"column":10},"end":{"line":19,"column":null}}],"line":19},"2":{"loc":{"start":{"line":20,"column":2},"end":{"line":20,"column":null}},"type":"default-arg","locations":[{"start":{"line":20,"column":10},"end":{"line":20,"column":null}}],"line":20},"3":{"loc":{"start":{"line":21,"column":2},"end":{"line":21,"column":null}},"type":"default-arg","locations":[{"start":{"line":21,"column":12},"end":{"line":21,"column":null}}],"line":21},"4":{"loc":{"start":{"line":22,"column":2},"end":{"line":22,"column":null}},"type":"default-arg","locations":[{"start":{"line":22,"column":11},"end":{"line":22,"column":null}}],"line":22},"5":{"loc":{"start":{"line":41,"column":4},"end":{"line":41,"column":null}},"type":"if","locations":[{"start":{"line":41,"column":4},"end":{"line":41,"column":null}},{"start":{},"end":{}}],"line":41},"6":{"loc":{"start":{"line":43,"column":14},"end":{"line":43,"column":null}},"type":"binary-expr","locations":[{"start":{"line":43,"column":14},"end":{"line":43,"column":28}},{"start":{"line":43,"column":28},"end":{"line":43,"column":null}}],"line":43},"7":{"loc":{"start":{"line":44,"column":14},"end":{"line":44,"column":null}},"type":"binary-expr","locations":[{"start":{"line":44,"column":14},"end":{"line":44,"column":29}},{"start":{"line":44,"column":29},"end":{"line":44,"column":null}}],"line":44},"8":{"loc":{"start":{"line":45,"column":25},"end":{"line":45,"column":55}},"type":"binary-expr","locations":[{"start":{"line":45,"column":25},"end":{"line":45,"column":52}},{"start":{"line":45,"column":52},"end":{"line":45,"column":55}}],"line":45},"9":{"loc":{"start":{"line":52,"column":4},"end":{"line":52,"column":null}},"type":"if","locations":[{"start":{"line":52,"column":4},"end":{"line":52,"column":null}},{"start":{},"end":{}}],"line":52},"10":{"loc":{"start":{"line":58,"column":4},"end":{"line":58,"column":null}},"type":"if","locations":[{"start":{"line":58,"column":4},"end":{"line":58,"column":null}},{"start":{},"end":{}}],"line":58},"11":{"loc":{"start":{"line":58,"column":8},"end":{"line":58,"column":54}},"type":"binary-expr","locations":[{"start":{"line":58,"column":8},"end":{"line":58,"column":15}},{"start":{"line":58,"column":15},"end":{"line":58,"column":54}}],"line":58},"12":{"loc":{"start":{"line":75,"column":4},"end":{"line":80,"column":null}},"type":"if","locations":[{"start":{"line":75,"column":4},"end":{"line":80,"column":null}},{"start":{},"end":{}}],"line":75},"13":{"loc":{"start":{"line":85,"column":4},"end":{"line":85,"column":null}},"type":"if","locations":[{"start":{"line":85,"column":4},"end":{"line":85,"column":null}},{"start":{},"end":{}}],"line":85},"14":{"loc":{"start":{"line":89,"column":4},"end":{"line":93,"column":null}},"type":"if","locations":[{"start":{"line":89,"column":4},"end":{"line":93,"column":null}},{"start":{"line":91,"column":11},"end":{"line":93,"column":null}}],"line":89},"15":{"loc":{"start":{"line":98,"column":4},"end":{"line":98,"column":null}},"type":"if","locations":[{"start":{"line":98,"column":4},"end":{"line":98,"column":null}},{"start":{},"end":{}}],"line":98},"16":{"loc":{"start":{"line":98,"column":8},"end":{"line":98,"column":40}},"type":"binary-expr","locations":[{"start":{"line":98,"column":8},"end":{"line":98,"column":19}},{"start":{"line":98,"column":19},"end":{"line":98,"column":40}}],"line":98},"17":{"loc":{"start":{"line":100,"column":4},"end":{"line":104,"column":null}},"type":"if","locations":[{"start":{"line":100,"column":4},"end":{"line":104,"column":null}},{"start":{"line":102,"column":15},"end":{"line":104,"column":null}}],"line":100},"18":{"loc":{"start":{"line":102,"column":15},"end":{"line":104,"column":null}},"type":"if","locations":[{"start":{"line":102,"column":15},"end":{"line":104,"column":null}},{"start":{},"end":{}}],"line":102},"19":{"loc":{"start":{"line":109,"column":4},"end":{"line":109,"column":null}},"type":"if","locations":[{"start":{"line":109,"column":4},"end":{"line":109,"column":null}},{"start":{},"end":{}}],"line":109},"20":{"loc":{"start":{"line":111,"column":4},"end":{"line":112,"column":null}},"type":"if","locations":[{"start":{"line":111,"column":4},"end":{"line":112,"column":null}},{"start":{},"end":{}}],"line":111},"21":{"loc":{"start":{"line":111,"column":8},"end":{"line":111,"column":69}},"type":"binary-expr","locations":[{"start":{"line":111,"column":8},"end":{"line":111,"column":19}},{"start":{"line":111,"column":19},"end":{"line":111,"column":38}},{"start":{"line":111,"column":38},"end":{"line":111,"column":69}}],"line":111},"22":{"loc":{"start":{"line":120,"column":33},"end":{"line":120,"column":null}},"type":"cond-expr","locations":[{"start":{"line":120,"column":42},"end":{"line":120,"column":55}},{"start":{"line":120,"column":55},"end":{"line":120,"column":null}}],"line":120},"23":{"loc":{"start":{"line":121,"column":19},"end":{"line":121,"column":null}},"type":"cond-expr","locations":[{"start":{"line":121,"column":28},"end":{"line":121,"column":33}},{"start":{"line":121,"column":33},"end":{"line":121,"column":null}}],"line":121}},"s":{"0":0,"1":0,"2":0,"3":0,"4":0,"5":0,"6":0,"7":0,"8":0,"9":0,"10":0,"11":0,"12":0,"13":0,"14":0,"15":0,"16":0,"17":0,"18":0,"19":0,"20":0,"21":0,"22":0,"23":0,"24":0,"25":0,"26":0,"27":0,"28":0,"29":0,"30":0,"31":0,"32":0,"33":0,"34":0,"35":0,"36":0,"37":0,"38":0,"39":0,"40":0,"41":0,"42":0,"43":0,"44":0,"45":0,"46":0,"47":0,"48":0,"49":0,"50":0,"51":0,"52":0,"53":0,"54":0,"55":0,"56":0,"57":0,"58":0,"59":0,"60":0,"61":0,"62":0},"f":{"0":0,"1":0,"2":0,"3":0,"4":0,"5":0,"6":0,"7":0,"8":0,"9":0},"b":{"0":[0],"1":[0],"2":[0],"3":[0],"4":[0],"5":[0,0],"6":[0,0],"7":[0,0],"8":[0,0],"9":[0,0],"10":[0,0],"11":[0,0],"12":[0,0],"13":[0,0],"14":[0,0],"15":[0,0],"16":[0,0],"17":[0,0],"18":[0,0],"19":[0,0],"20":[0,0],"21":[0,0,0],"22":[0,0],"23":[0,0]},"meta":{"lastBranch":24,"lastFunction":10,"lastStatement":63,"seen":{"f:15:24:15:40":0,"b:18:11:18:Infinity":0,"b:19:10:19:Infinity":1,"b:20:10:20:Infinity":2,"b:21:12:21:Infinity":3,"b:22:11:22:Infinity":4,"s:32:8:32:51":0,"s:33:8:33:34":1,"s:34:8:34:55":2,"s:35:8:35:56":3,"s:36:2:36:Infinity":4,"f:39:11:39:21":1,"s:40:15:40:Infinity":5,"b:41:4:41:Infinity:undefined:undefined:undefined:undefined":5,"s:41:4:41:Infinity":6,"s:41:13:41:Infinity":7,"s:42:17:42:43":8,"s:43:14:43:Infinity":9,"b:43:14:43:28:43:28:43:Infinity":6,"s:44:14:44:Infinity":10,"b:44:14:44:29:44:29:44:Infinity":7,"s:45:16:45:57":11,"b:45:25:45:52:45:52:45:55":8,"s:46:4:46:Infinity":12,"s:47:4:47:Infinity":13,"s:48:16:48:35":14,"s:49:4:49:Infinity":15,"s:50:4:50:Infinity":16,"s:51:4:51:Infinity":17,"b:52:4:52:Infinity:undefined:undefined:undefined:undefined":9,"s:52:4:52:Infinity":18,"s:52:25:52:Infinity":19,"s:55:2:63:Infinity":20,"f:55:2:55:18":2,"s:56:4:56:Infinity":21,"s:57:15:57:Infinity":22,"b:58:4:58:Infinity:undefined:undefined:undefined:undefined":10,"s:58:4:58:Infinity":23,"b:58:8:58:15:58:15:58:54":11,"s:58:54:58:Infinity":24,"s:59:15:59:50":25,"f:59:19:59:40":3,"s:59:40:59:49":26,"s:60:4:60:Infinity":27,"s:61:4:61:Infinity":28,"f:61:4:61:17":4,"s:61:17:61:32":29,"f:65:11:65:16":5,"s:66:17:66:59":30,"s:67:4:70:Infinity":31,"f:73:11:73:19":6,"s:74:10:74:71":32,"b:75:4:80:Infinity:undefined:undefined:undefined:undefined":12,"s:75:4:80:Infinity":33,"s:76:19:76:45":34,"s:77:6:77:Infinity":35,"s:78:6:78:Infinity":36,"s:79:6:79:Infinity":37,"s:80:6:80:Infinity":38,"f:84:11:84:18":7,"b:85:4:85:Infinity:undefined:undefined:undefined:undefined":13,"s:85:4:85:Infinity":39,"s:85:17:85:Infinity":40,"s:86:4:86:Infinity":41,"s:87:4:87:Infinity":42,"s:88:15:88:22":43,"b:89:4:93:Infinity:91:11:93:Infinity":14,"s:89:4:93:Infinity":44,"s:90:6:90:Infinity":45,"s:92:6:92:Infinity":46,"s:93:6:93:Infinity":47,"f:97:11:97:18":8,"b:98:4:98:Infinity:undefined:undefined:undefined:undefined":15,"s:98:4:98:Infinity":48,"b:98:8:98:19:98:19:98:40":16,"s:98:40:98:Infinity":49,"s:99:15:99:22":50,"b:100:4:104:Infinity:102:15:104:Infinity":17,"s:100:4:104:Infinity":51,"s:101:6:101:Infinity":52,"b:102:15:104:Infinity:undefined:undefined:undefined:undefined":18,"s:102:15:104:Infinity":53,"s:103:6:103:Infinity":54,"s:104:6:104:Infinity":55,"f:108:11:108:18":9,"b:109:4:109:Infinity:undefined:undefined:undefined:undefined":19,"s:109:4:109:Infinity":56,"s:109:29:109:Infinity":57,"s:110:4:110:Infinity":58,"b:111:4:112:Infinity:undefined:undefined:undefined:undefined":20,"s:111:4:112:Infinity":59,"b:111:8:111:19:111:19:111:38:111:38:111:69":21,"s:112:6:112:Infinity":60,"s:114:4:114:Infinity":61,"s:117:2:126:Infinity":62,"b:120:42:120:55:120:55:120:Infinity":22,"b:121:28:121:33:121:33:121:Infinity":23},"fnNames":{}}}
,"/Users/ygorbarros/Desktop/musicNotes/src/components/AnnotationLayer/AnnotationLayer.utils.ts": {"path":"/Users/ygorbarros/Desktop/musicNotes/src/components/AnnotationLayer/AnnotationLayer.utils.ts","statementMap":{"0":{"start":{"line":15,"column":59},"end":{"line":26,"column":null}},"1":{"start":{"line":28,"column":91},"end":{"line":32,"column":null}},"2":{"start":{"line":33,"column":63},"end":{"line":37,"column":null}},"3":{"start":{"line":39,"column":13},"end":{"line":40,"column":null}},"4":{"start":{"line":39,"column":34},"end":{"line":40,"column":null}},"5":{"start":{"line":40,"column":32},"end":{"line":40,"column":47}},"6":{"start":{"line":44,"column":2},"end":{"line":51,"column":null}},"7":{"start":{"line":45,"column":12},"end":{"line":45,"column":22}},"8":{"start":{"line":46,"column":4},"end":{"line":50,"column":null}},"9":{"start":{"line":47,"column":6},"end":{"line":50,"column":null}},"10":{"start":{"line":49,"column":20},"end":{"line":49,"column":26}},"11":{"start":{"line":51,"column":4},"end":{"line":51,"column":null}},"12":{"start":{"line":53,"column":2},"end":{"line":53,"column":null}},"13":{"start":{"line":63,"column":14},"end":{"line":63,"column":null}},"14":{"start":{"line":64,"column":2},"end":{"line":64,"column":null}},"15":{"start":{"line":64,"column":27},"end":{"line":64,"column":null}},"16":{"start":{"line":65,"column":2},"end":{"line":65,"column":null}},"17":{"start":{"line":66,"column":2},"end":{"line":66,"column":null}},"18":{"start":{"line":67,"column":2},"end":{"line":67,"column":null}},"19":{"start":{"line":68,"column":2},"end":{"line":68,"column":null}},"20":{"start":{"line":69,"column":13},"end":{"line":69,"column":57}},"21":{"start":{"line":70,"column":2},"end":{"line":70,"column":null}},"22":{"start":{"line":71,"column":2},"end":{"line":71,"column":null}},"23":{"start":{"line":72,"column":2},"end":{"line":72,"column":null}},"24":{"start":{"line":73,"column":2},"end":{"line":81,"column":null}},"25":{"start":{"line":74,"column":4},"end":{"line":74,"column":null}},"26":{"start":{"line":75,"column":4},"end":{"line":75,"column":null}},"27":{"start":{"line":76,"column":4},"end":{"line":76,"column":null}},"28":{"start":{"line":78,"column":4},"end":{"line":78,"column":null}},"29":{"start":{"line":79,"column":4},"end":{"line":79,"column":null}},"30":{"start":{"line":80,"column":4},"end":{"line":80,"column":null}},"31":{"start":{"line":80,"column":17},"end":{"line":80,"column":20}},"32":{"start":{"line":80,"column":41},"end":{"line":80,"column":null}},"33":{"start":{"line":81,"column":4},"end":{"line":81,"column":null}},"34":{"start":{"line":83,"column":2},"end":{"line":83,"column":null}},"35":{"start":{"line":92,"column":2},"end":{"line":92,"column":null}},"36":{"start":{"line":92,"column":33},"end":{"line":92,"column":null}},"37":{"start":{"line":103,"column":2},"end":{"line":112,"column":null}},"38":{"start":{"line":103,"column":15},"end":{"line":103,"column":35}},"39":{"start":{"line":104,"column":16},"end":{"line":104,"column":null}},"40":{"start":{"line":105,"column":16},"end":{"line":105,"column":null}},"41":{"start":{"line":106,"column":17},"end":{"line":106,"column":null}},"42":{"start":{"line":107,"column":4},"end":{"line":112,"column":null}},"43":{"start":{"line":107,"column":17},"end":{"line":107,"column":20}},"44":{"start":{"line":108,"column":6},"end":{"line":112,"column":null}},"45":{"start":{"line":109,"column":19},"end":{"line":109,"column":null}},"46":{"start":{"line":110,"column":19},"end":{"line":110,"column":null}},"47":{"start":{"line":111,"column":8},"end":{"line":111,"column":null}},"48":{"start":{"line":111,"column":39},"end":{"line":111,"column":null}},"49":{"start":{"line":112,"column":17},"end":{"line":112,"column":null}},"50":{"start":{"line":112,"column":63},"end":{"line":112,"column":null}},"51":{"start":{"line":115,"column":2},"end":{"line":115,"column":null}},"52":{"start":{"line":119,"column":13},"end":{"line":119,"column":null}},"53":{"start":{"line":120,"column":13},"end":{"line":120,"column":null}},"54":{"start":{"line":121,"column":13},"end":{"line":121,"column":null}},"55":{"start":{"line":122,"column":13},"end":{"line":122,"column":null}},"56":{"start":{"line":123,"column":15},"end":{"line":123,"column":null}},"57":{"start":{"line":124,"column":15},"end":{"line":124,"column":null}},"58":{"start":{"line":125,"column":2},"end":{"line":125,"column":null}},"59":{"start":{"line":126,"column":13},"end":{"line":126,"column":null}},"60":{"start":{"line":127,"column":13},"end":{"line":127,"column":null}},"61":{"start":{"line":128,"column":2},"end":{"line":128,"column":null}},"62":{"start":{"line":168,"column":2},"end":{"line":252,"column":null}},"63":{"start":{"line":177,"column":22},"end":{"line":177,"column":null}},"64":{"start":{"line":184,"column":40},"end":{"line":193,"column":null}},"65":{"start":{"line":190,"column":10},"end":{"line":190,"column":null}},"66":{"start":{"line":191,"column":10},"end":{"line":191,"column":null}},"67":{"start":{"line":200,"column":43},"end":{"line":209,"column":null}},"68":{"start":{"line":206,"column":10},"end":{"line":206,"column":null}},"69":{"start":{"line":207,"column":10},"end":{"line":207,"column":null}},"70":{"start":{"line":216,"column":41},"end":{"line":225,"column":null}},"71":{"start":{"line":222,"column":10},"end":{"line":222,"column":null}},"72":{"start":{"line":223,"column":10},"end":{"line":223,"column":null}}},"fnMap":{"0":{"name":"(anonymous_0)","decl":{"start":{"line":39,"column":13},"end":{"line":39,"column":34}},"loc":{"start":{"line":39,"column":34},"end":{"line":40,"column":null}},"line":39},"1":{"name":"(anonymous_1)","decl":{"start":{"line":40,"column":19},"end":{"line":40,"column":25}},"loc":{"start":{"line":40,"column":32},"end":{"line":40,"column":47}},"line":40},"2":{"name":"withAlpha","decl":{"start":{"line":43,"column":16},"end":{"line":43,"column":26}},"loc":{"start":{"line":43,"column":56},"end":{"line":53,"column":null}},"line":43},"3":{"name":"(anonymous_3)","decl":{"start":{"line":49,"column":9},"end":{"line":49,"column":14}},"loc":{"start":{"line":49,"column":20},"end":{"line":49,"column":26}},"line":49},"4":{"name":"drawStroke","decl":{"start":{"line":57,"column":16},"end":{"line":57,"column":null}},"loc":{"start":{"line":62,"column":8},"end":{"line":83,"column":null}},"line":62},"5":{"name":"drawStrokes","decl":{"start":{"line":86,"column":16},"end":{"line":86,"column":null}},"loc":{"start":{"line":91,"column":8},"end":{"line":92,"column":null}},"line":91},"6":{"name":"hitStrokeIndex","decl":{"start":{"line":97,"column":16},"end":{"line":97,"column":null}},"loc":{"start":{"line":102,"column":10},"end":{"line":115,"column":null}},"line":102},"7":{"name":"segDist2","decl":{"start":{"line":118,"column":9},"end":{"line":118,"column":18}},"loc":{"start":{"line":118,"column":92},"end":{"line":128,"column":null}},"line":118},"8":{"name":"buildAnnotationTools","decl":{"start":{"line":151,"column":16},"end":{"line":151,"column":37}},"loc":{"start":{"line":167,"column":32},"end":{"line":252,"column":null}},"line":167},"9":{"name":"(anonymous_9)","decl":{"start":{"line":177,"column":6},"end":{"line":177,"column":22}},"loc":{"start":{"line":177,"column":22},"end":{"line":177,"column":null}},"line":177},"10":{"name":"(anonymous_10)","decl":{"start":{"line":184,"column":28},"end":{"line":184,"column":33}},"loc":{"start":{"line":184,"column":40},"end":{"line":193,"column":null}},"line":184},"11":{"name":"(anonymous_11)","decl":{"start":{"line":189,"column":8},"end":{"line":189,"column":21}},"loc":{"start":{"line":189,"column":21},"end":{"line":191,"column":null}},"line":189},"12":{"name":"(anonymous_12)","decl":{"start":{"line":200,"column":31},"end":{"line":200,"column":36}},"loc":{"start":{"line":200,"column":43},"end":{"line":209,"column":null}},"line":200},"13":{"name":"(anonymous_13)","decl":{"start":{"line":205,"column":8},"end":{"line":205,"column":21}},"loc":{"start":{"line":205,"column":21},"end":{"line":207,"column":null}},"line":205},"14":{"name":"(anonymous_14)","decl":{"start":{"line":216,"column":29},"end":{"line":216,"column":34}},"loc":{"start":{"line":216,"column":41},"end":{"line":225,"column":null}},"line":216},"15":{"name":"(anonymous_15)","decl":{"start":{"line":221,"column":8},"end":{"line":221,"column":21}},"loc":{"start":{"line":221,"column":21},"end":{"line":223,"column":null}},"line":221}},"branchMap":{"0":{"loc":{"start":{"line":40,"column":3},"end":{"line":40,"column":71}},"type":"binary-expr","locations":[{"start":{"line":40,"column":3},"end":{"line":40,"column":47}},{"start":{"line":40,"column":51},"end":{"line":40,"column":71}}],"line":40},"1":{"loc":{"start":{"line":44,"column":2},"end":{"line":51,"column":null}},"type":"if","locations":[{"start":{"line":44,"column":2},"end":{"line":51,"column":null}},{"start":{},"end":{}}],"line":44},"2":{"loc":{"start":{"line":46,"column":4},"end":{"line":50,"column":null}},"type":"if","locations":[{"start":{"line":46,"column":4},"end":{"line":50,"column":null}},{"start":{},"end":{}}],"line":46},"3":{"loc":{"start":{"line":64,"column":2},"end":{"line":64,"column":null}},"type":"if","locations":[{"start":{"line":64,"column":2},"end":{"line":64,"column":null}},{"start":{},"end":{}}],"line":64},"4":{"loc":{"start":{"line":64,"column":6},"end":{"line":64,"column":27}},"type":"binary-expr","locations":[{"start":{"line":64,"column":6},"end":{"line":64,"column":14}},{"start":{"line":64,"column":14},"end":{"line":64,"column":27}}],"line":64},"5":{"loc":{"start":{"line":66,"column":20},"end":{"line":66,"column":null}},"type":"binary-expr","locations":[{"start":{"line":66,"column":20},"end":{"line":66,"column":38}},{"start":{"line":66,"column":38},"end":{"line":66,"column":null}}],"line":66},"6":{"loc":{"start":{"line":69,"column":28},"end":{"line":69,"column":55}},"type":"binary-expr","locations":[{"start":{"line":69,"column":28},"end":{"line":69,"column":44}},{"start":{"line":69,"column":44},"end":{"line":69,"column":55}}],"line":69},"7":{"loc":{"start":{"line":73,"column":2},"end":{"line":81,"column":null}},"type":"if","locations":[{"start":{"line":73,"column":2},"end":{"line":81,"column":null}},{"start":{"line":77,"column":9},"end":{"line":81,"column":null}}],"line":73},"8":{"loc":{"start":{"line":92,"column":18},"end":{"line":92,"column":31}},"type":"binary-expr","locations":[{"start":{"line":92,"column":18},"end":{"line":92,"column":29}},{"start":{"line":92,"column":29},"end":{"line":92,"column":31}}],"line":92},"9":{"loc":{"start":{"line":105,"column":23},"end":{"line":105,"column":48}},"type":"binary-expr","locations":[{"start":{"line":105,"column":23},"end":{"line":105,"column":43}},{"start":{"line":105,"column":43},"end":{"line":105,"column":48}}],"line":105},"10":{"loc":{"start":{"line":108,"column":6},"end":{"line":112,"column":null}},"type":"if","locations":[{"start":{"line":108,"column":6},"end":{"line":112,"column":null}},{"start":{"line":112,"column":17},"end":{"line":112,"column":null}}],"line":108},"11":{"loc":{"start":{"line":111,"column":8},"end":{"line":111,"column":null}},"type":"if","locations":[{"start":{"line":111,"column":8},"end":{"line":111,"column":null}},{"start":{},"end":{}}],"line":111},"12":{"loc":{"start":{"line":112,"column":17},"end":{"line":112,"column":null}},"type":"if","locations":[{"start":{"line":112,"column":17},"end":{"line":112,"column":null}},{"start":{},"end":{}}],"line":112},"13":{"loc":{"start":{"line":124,"column":15},"end":{"line":124,"column":null}},"type":"cond-expr","locations":[{"start":{"line":124,"column":15},"end":{"line":124,"column":51}},{"start":{"line":124,"column":51},"end":{"line":124,"column":null}}],"line":124}},"s":{"0":1,"1":1,"2":1,"3":1,"4":2,"5":4,"6":6,"7":5,"8":5,"9":4,"10":12,"11":5,"12":1,"13":0,"14":0,"15":0,"16":0,"17":0,"18":0,"19":0,"20":0,"21":0,"22":0,"23":0,"24":0,"25":0,"26":0,"27":0,"28":0,"29":0,"30":0,"31":0,"32":0,"33":0,"34":0,"35":0,"36":0,"37":2,"38":2,"39":3,"40":3,"41":3,"42":3,"43":3,"44":3,"45":3,"46":3,"47":3,"48":1,"49":0,"50":0,"51":1,"52":0,"53":0,"54":0,"55":0,"56":0,"57":0,"58":0,"59":0,"60":0,"61":0,"62":1,"63":0,"64":10,"65":0,"66":0,"67":3,"68":0,"69":0,"70":3,"71":0,"72":0},"f":{"0":2,"1":4,"2":6,"3":12,"4":0,"5":0,"6":2,"7":0,"8":1,"9":0,"10":10,"11":0,"12":3,"13":0,"14":3,"15":0},"b":{"0":[2,1],"1":[5,1],"2":[4,1],"3":[0,0],"4":[0,0],"5":[0,0],"6":[0,0],"7":[0,0],"8":[0,0],"9":[3,3],"10":[3,0],"11":[1,2],"12":[0,0],"13":[0,0]},"meta":{"lastBranch":14,"lastFunction":16,"lastStatement":73,"seen":{"s:15:59:26:Infinity":0,"s:28:91:32:Infinity":1,"s:33:63:37:Infinity":2,"s:39:13:40:Infinity":3,"f:39:13:39:34":0,"s:39:34:40:Infinity":4,"b:40:3:40:47:40:51:40:71":0,"f:40:19:40:25":1,"s:40:32:40:47":5,"f:43:16:43:26":2,"b:44:2:51:Infinity:undefined:undefined:undefined:undefined":1,"s:44:2:51:Infinity":6,"s:45:12:45:22":7,"b:46:4:50:Infinity:undefined:undefined:undefined:undefined":2,"s:46:4:50:Infinity":8,"s:47:6:50:Infinity":9,"f:49:9:49:14":3,"s:49:20:49:26":10,"s:51:4:51:Infinity":11,"s:53:2:53:Infinity":12,"f:57:16:57:Infinity":4,"s:63:14:63:Infinity":13,"b:64:2:64:Infinity:undefined:undefined:undefined:undefined":3,"s:64:2:64:Infinity":14,"b:64:6:64:14:64:14:64:27":4,"s:64:27:64:Infinity":15,"s:65:2:65:Infinity":16,"s:66:2:66:Infinity":17,"b:66:20:66:38:66:38:66:Infinity":5,"s:67:2:67:Infinity":18,"s:68:2:68:Infinity":19,"s:69:13:69:57":20,"b:69:28:69:44:69:44:69:55":6,"s:70:2:70:Infinity":21,"s:71:2:71:Infinity":22,"s:72:2:72:Infinity":23,"b:73:2:81:Infinity:77:9:81:Infinity":7,"s:73:2:81:Infinity":24,"s:74:4:74:Infinity":25,"s:75:4:75:Infinity":26,"s:76:4:76:Infinity":27,"s:78:4:78:Infinity":28,"s:79:4:79:Infinity":29,"s:80:4:80:Infinity":30,"s:80:17:80:20":31,"s:80:41:80:Infinity":32,"s:81:4:81:Infinity":33,"s:83:2:83:Infinity":34,"f:86:16:86:Infinity":5,"s:92:2:92:Infinity":35,"b:92:18:92:29:92:29:92:31":8,"s:92:33:92:Infinity":36,"f:97:16:97:Infinity":6,"s:103:2:112:Infinity":37,"s:103:15:103:35":38,"s:104:16:104:Infinity":39,"s:105:16:105:Infinity":40,"b:105:23:105:43:105:43:105:48":9,"s:106:17:106:Infinity":41,"s:107:4:112:Infinity":42,"s:107:17:107:20":43,"b:108:6:112:Infinity:112:17:112:Infinity":10,"s:108:6:112:Infinity":44,"s:109:19:109:Infinity":45,"s:110:19:110:Infinity":46,"b:111:8:111:Infinity:undefined:undefined:undefined:undefined":11,"s:111:8:111:Infinity":47,"s:111:39:111:Infinity":48,"b:112:17:112:Infinity:undefined:undefined:undefined:undefined":12,"s:112:17:112:Infinity":49,"s:112:63:112:Infinity":50,"s:115:2:115:Infinity":51,"f:118:9:118:18":7,"s:119:13:119:Infinity":52,"s:120:13:120:Infinity":53,"s:121:13:121:Infinity":54,"s:122:13:122:Infinity":55,"s:123:15:123:Infinity":56,"s:124:15:124:Infinity":57,"b:124:15:124:51:124:51:124:Infinity":13,"s:125:2:125:Infinity":58,"s:126:13:126:Infinity":59,"s:127:13:127:Infinity":60,"s:128:2:128:Infinity":61,"f:151:16:151:37":8,"s:168:2:252:Infinity":62,"f:177:6:177:22":9,"s:177:22:177:Infinity":63,"f:184:28:184:33":10,"s:184:40:193:Infinity":64,"f:189:8:189:21":11,"s:190:10:190:Infinity":65,"s:191:10:191:Infinity":66,"f:200:31:200:36":12,"s:200:43:209:Infinity":67,"f:205:8:205:21":13,"s:206:10:206:Infinity":68,"s:207:10:207:Infinity":69,"f:216:29:216:34":14,"s:216:41:225:Infinity":70,"f:221:8:221:21":15,"s:222:10:222:Infinity":71,"s:223:10:223:Infinity":72},"fnNames":{}}}
,"/Users/ygorbarros/Desktop/musicNotes/src/components/App/App.tsx": {"path":"/Users/ygorbarros/Desktop/musicNotes/src/components/App/App.tsx","statementMap":{"0":{"start":{"line":21,"column":2},"end":{"line":21,"column":null}},"1":{"start":{"line":25,"column":41},"end":{"line":32,"column":null}},"2":{"start":{"line":33,"column":6},"end":{"line":38,"column":null}},"3":{"start":{"line":34,"column":14},"end":{"line":34,"column":null}},"4":{"start":{"line":35,"column":2},"end":{"line":38,"column":null}},"5":{"start":{"line":49,"column":4},"end":{"line":50,"column":16}},"6":{"start":{"line":51,"column":10},"end":{"line":51,"column":37}},"7":{"start":{"line":52,"column":10},"end":{"line":52,"column":31}},"8":{"start":{"line":53,"column":10},"end":{"line":53,"column":25}},"9":{"start":{"line":56,"column":2},"end":{"line":60,"column":null}},"10":{"start":{"line":57,"column":4},"end":{"line":57,"column":null}},"11":{"start":{"line":57,"column":22},"end":{"line":57,"column":null}},"12":{"start":{"line":58,"column":15},"end":{"line":58,"column":52}},"13":{"start":{"line":58,"column":32},"end":{"line":58,"column":45}},"14":{"start":{"line":59,"column":4},"end":{"line":59,"column":null}},"15":{"start":{"line":59,"column":17},"end":{"line":59,"column":33}},"16":{"start":{"line":63,"column":2},"end":{"line":83,"column":null}},"17":{"start":{"line":68,"column":6},"end":{"line":71,"column":null}},"18":{"start":{"line":72,"column":4},"end":{"line":72,"column":null}},"19":{"start":{"line":72,"column":13},"end":{"line":72,"column":null}},"20":{"start":{"line":73,"column":4},"end":{"line":82,"column":null}},"21":{"start":{"line":74,"column":6},"end":{"line":79,"column":null}},"22":{"start":{"line":75,"column":8},"end":{"line":79,"column":null}},"23":{"start":{"line":76,"column":23},"end":{"line":76,"column":45}},"24":{"start":{"line":77,"column":10},"end":{"line":77,"column":null}},"25":{"start":{"line":79,"column":10},"end":{"line":79,"column":null}},"26":{"start":{"line":86,"column":2},"end":{"line":101,"column":null}},"27":{"start":{"line":87,"column":4},"end":{"line":87,"column":null}},"28":{"start":{"line":87,"column":58},"end":{"line":87,"column":null}},"29":{"start":{"line":88,"column":4},"end":{"line":100,"column":null}},"30":{"start":{"line":89,"column":6},"end":{"line":97,"column":null}},"31":{"start":{"line":90,"column":22},"end":{"line":90,"column":55}},"32":{"start":{"line":91,"column":20},"end":{"line":91,"column":47}},"33":{"start":{"line":92,"column":8},"end":{"line":94,"column":null}},"34":{"start":{"line":93,"column":10},"end":{"line":93,"column":null}},"35":{"start":{"line":94,"column":10},"end":{"line":94,"column":null}},"36":{"start":{"line":97,"column":8},"end":{"line":97,"column":null}},"37":{"start":{"line":99,"column":6},"end":{"line":99,"column":null}},"38":{"start":{"line":104,"column":2},"end":{"line":113,"column":null}},"39":{"start":{"line":106,"column":21},"end":{"line":106,"column":null}},"40":{"start":{"line":107,"column":21},"end":{"line":107,"column":55}},"41":{"start":{"line":108,"column":6},"end":{"line":109,"column":null}},"42":{"start":{"line":108,"column":18},"end":{"line":108,"column":null}},"43":{"start":{"line":109,"column":15},"end":{"line":109,"column":null}},"44":{"start":{"line":109,"column":52},"end":{"line":109,"column":null}},"45":{"start":{"line":111,"column":4},"end":{"line":111,"column":null}},"46":{"start":{"line":112,"column":4},"end":{"line":112,"column":null}},"47":{"start":{"line":112,"column":17},"end":{"line":112,"column":72}},"48":{"start":{"line":115,"column":2},"end":{"line":166,"column":null}},"49":{"start":{"line":142,"column":18},"end":{"line":142,"column":null}}},"fnMap":{"0":{"name":"(anonymous_0)","decl":{"start":{"line":33,"column":6},"end":{"line":33,"column":20}},"loc":{"start":{"line":33,"column":75},"end":{"line":38,"column":null}},"line":33},"1":{"name":"App","decl":{"start":{"line":41,"column":24},"end":{"line":41,"column":30}},"loc":{"start":{"line":41,"column":30},"end":{"line":166,"column":null}},"line":41},"2":{"name":"(anonymous_2)","decl":{"start":{"line":56,"column":2},"end":{"line":56,"column":18}},"loc":{"start":{"line":56,"column":18},"end":{"line":60,"column":6}},"line":56},"3":{"name":"(anonymous_3)","decl":{"start":{"line":58,"column":15},"end":{"line":58,"column":32}},"loc":{"start":{"line":58,"column":32},"end":{"line":58,"column":45}},"line":58},"4":{"name":"(anonymous_4)","decl":{"start":{"line":59,"column":4},"end":{"line":59,"column":17}},"loc":{"start":{"line":59,"column":17},"end":{"line":59,"column":33}},"line":59},"5":{"name":"(anonymous_5)","decl":{"start":{"line":63,"column":2},"end":{"line":63,"column":18}},"loc":{"start":{"line":63,"column":18},"end":{"line":83,"column":6}},"line":63},"6":{"name":"(anonymous_6)","decl":{"start":{"line":73,"column":19},"end":{"line":73,"column":26}},"loc":{"start":{"line":73,"column":37},"end":{"line":82,"column":null}},"line":73},"7":{"name":"(anonymous_7)","decl":{"start":{"line":86,"column":2},"end":{"line":86,"column":18}},"loc":{"start":{"line":86,"column":18},"end":{"line":101,"column":6}},"line":86},"8":{"name":"(anonymous_8)","decl":{"start":{"line":88,"column":5},"end":{"line":88,"column":17}},"loc":{"start":{"line":88,"column":17},"end":{"line":100,"column":null}},"line":88},"9":{"name":"(anonymous_9)","decl":{"start":{"line":104,"column":2},"end":{"line":104,"column":18}},"loc":{"start":{"line":104,"column":18},"end":{"line":113,"column":6}},"line":104},"10":{"name":"onDown","decl":{"start":{"line":105,"column":13},"end":{"line":105,"column":20}},"loc":{"start":{"line":105,"column":35},"end":{"line":109,"column":null}},"line":105},"11":{"name":"(anonymous_11)","decl":{"start":{"line":112,"column":4},"end":{"line":112,"column":17}},"loc":{"start":{"line":112,"column":17},"end":{"line":112,"column":72}},"line":112},"12":{"name":"(anonymous_12)","decl":{"start":{"line":141,"column":36},"end":{"line":141,"column":41}},"loc":{"start":{"line":142,"column":18},"end":{"line":142,"column":null}},"line":142}},"branchMap":{"0":{"loc":{"start":{"line":34,"column":14},"end":{"line":34,"column":null}},"type":"binary-expr","locations":[{"start":{"line":34,"column":14},"end":{"line":34,"column":53}},{"start":{"line":34,"column":53},"end":{"line":34,"column":null}}],"line":34},"1":{"loc":{"start":{"line":34,"column":23},"end":{"line":34,"column":53}},"type":"binary-expr","locations":[{"start":{"line":34,"column":23},"end":{"line":34,"column":46}},{"start":{"line":34,"column":46},"end":{"line":34,"column":53}}],"line":34},"2":{"loc":{"start":{"line":36,"column":27},"end":{"line":36,"column":64}},"type":"cond-expr","locations":[{"start":{"line":36,"column":44},"end":{"line":36,"column":60}},{"start":{"line":36,"column":60},"end":{"line":36,"column":64}}],"line":36},"3":{"loc":{"start":{"line":57,"column":4},"end":{"line":57,"column":null}},"type":"if","locations":[{"start":{"line":57,"column":4},"end":{"line":57,"column":null}},{"start":{},"end":{}}],"line":57},"4":{"loc":{"start":{"line":72,"column":4},"end":{"line":72,"column":null}},"type":"if","locations":[{"start":{"line":72,"column":4},"end":{"line":72,"column":null}},{"start":{},"end":{}}],"line":72},"5":{"loc":{"start":{"line":74,"column":27},"end":{"line":74,"column":45}},"type":"binary-expr","locations":[{"start":{"line":74,"column":27},"end":{"line":74,"column":43}},{"start":{"line":74,"column":43},"end":{"line":74,"column":45}}],"line":74},"6":{"loc":{"start":{"line":87,"column":4},"end":{"line":87,"column":null}},"type":"if","locations":[{"start":{"line":87,"column":4},"end":{"line":87,"column":null}},{"start":{},"end":{}}],"line":87},"7":{"loc":{"start":{"line":92,"column":8},"end":{"line":94,"column":null}},"type":"if","locations":[{"start":{"line":92,"column":8},"end":{"line":94,"column":null}},{"start":{},"end":{}}],"line":92},"8":{"loc":{"start":{"line":108,"column":6},"end":{"line":109,"column":null}},"type":"if","locations":[{"start":{"line":108,"column":6},"end":{"line":109,"column":null}},{"start":{"line":109,"column":15},"end":{"line":109,"column":null}}],"line":108},"9":{"loc":{"start":{"line":108,"column":30},"end":{"line":108,"column":76}},"type":"binary-expr","locations":[{"start":{"line":108,"column":30},"end":{"line":108,"column":71}},{"start":{"line":108,"column":71},"end":{"line":108,"column":76}}],"line":108},"10":{"loc":{"start":{"line":109,"column":15},"end":{"line":109,"column":null}},"type":"if","locations":[{"start":{"line":109,"column":15},"end":{"line":109,"column":null}},{"start":{},"end":{}}],"line":109},"11":{"loc":{"start":{"line":128,"column":9},"end":{"line":152,"column":null}},"type":"cond-expr","locations":[{"start":{"line":128,"column":21},"end":{"line":128,"column":28}},{"start":{"line":128,"column":28},"end":{"line":152,"column":null}}],"line":128},"12":{"loc":{"start":{"line":128,"column":28},"end":{"line":152,"column":null}},"type":"cond-expr","locations":[{"start":{"line":129,"column":10},"end":{"line":147,"column":null}},{"start":{"line":149,"column":10},"end":{"line":152,"column":null}}],"line":128},"13":{"loc":{"start":{"line":130,"column":13},"end":{"line":144,"column":null}},"type":"cond-expr","locations":[{"start":{"line":131,"column":14},"end":{"line":138,"column":null}},{"start":{"line":140,"column":14},"end":{"line":144,"column":null}}],"line":130},"14":{"loc":{"start":{"line":158,"column":7},"end":{"line":163,"column":null}},"type":"binary-expr","locations":[{"start":{"line":158,"column":7},"end":{"line":158,"column":null}},{"start":{"line":159,"column":8},"end":{"line":163,"column":null}}],"line":158}},"s":{"0":0,"1":0,"2":0,"3":0,"4":0,"5":0,"6":0,"7":0,"8":0,"9":0,"10":0,"11":0,"12":0,"13":0,"14":0,"15":0,"16":0,"17":0,"18":0,"19":0,"20":0,"21":0,"22":0,"23":0,"24":0,"25":0,"26":0,"27":0,"28":0,"29":0,"30":0,"31":0,"32":0,"33":0,"34":0,"35":0,"36":0,"37":0,"38":0,"39":0,"40":0,"41":0,"42":0,"43":0,"44":0,"45":0,"46":0,"47":0,"48":0,"49":0},"f":{"0":0,"1":0,"2":0,"3":0,"4":0,"5":0,"6":0,"7":0,"8":0,"9":0,"10":0,"11":0,"12":0},"b":{"0":[0,0],"1":[0,0],"2":[0,0],"3":[0,0],"4":[0,0],"5":[0,0],"6":[0,0],"7":[0,0],"8":[0,0],"9":[0,0],"10":[0,0],"11":[0,0],"12":[0,0],"13":[0,0],"14":[0,0]},"meta":{"lastBranch":15,"lastFunction":13,"lastStatement":50,"seen":{"s:21:2:21:Infinity":0,"s:25:41:32:Infinity":1,"s:33:6:38:Infinity":2,"f:33:6:33:20":0,"s:34:14:34:Infinity":3,"b:34:14:34:53:34:53:34:Infinity":0,"b:34:23:34:46:34:46:34:53":1,"s:35:2:38:Infinity":4,"b:36:44:36:60:36:60:36:64":2,"f:41:24:41:30":1,"s:49:4:50:16":5,"s:51:10:51:37":6,"s:52:10:52:31":7,"s:53:10:53:25":8,"s:56:2:60:Infinity":9,"f:56:2:56:18":2,"b:57:4:57:Infinity:undefined:undefined:undefined:undefined":3,"s:57:4:57:Infinity":10,"s:57:22:57:Infinity":11,"s:58:15:58:52":12,"f:58:15:58:32":3,"s:58:32:58:45":13,"s:59:4:59:Infinity":14,"f:59:4:59:17":4,"s:59:17:59:33":15,"s:63:2:83:Infinity":16,"f:63:2:63:18":5,"s:68:6:71:Infinity":17,"b:72:4:72:Infinity:undefined:undefined:undefined:undefined":4,"s:72:4:72:Infinity":18,"s:72:13:72:Infinity":19,"s:73:4:82:Infinity":20,"f:73:19:73:26":6,"s:74:6:79:Infinity":21,"b:74:27:74:43:74:43:74:45":5,"s:75:8:79:Infinity":22,"s:76:23:76:45":23,"s:77:10:77:Infinity":24,"s:79:10:79:Infinity":25,"s:86:2:101:Infinity":26,"f:86:2:86:18":7,"b:87:4:87:Infinity:undefined:undefined:undefined:undefined":6,"s:87:4:87:Infinity":27,"s:87:58:87:Infinity":28,"s:88:4:100:Infinity":29,"f:88:5:88:17":8,"s:89:6:97:Infinity":30,"s:90:22:90:55":31,"s:91:20:91:47":32,"b:92:8:94:Infinity:undefined:undefined:undefined:undefined":7,"s:92:8:94:Infinity":33,"s:93:10:93:Infinity":34,"s:94:10:94:Infinity":35,"s:97:8:97:Infinity":36,"s:99:6:99:Infinity":37,"s:104:2:113:Infinity":38,"f:104:2:104:18":9,"f:105:13:105:20":10,"s:106:21:106:Infinity":39,"s:107:21:107:55":40,"b:108:6:109:Infinity:109:15:109:Infinity":8,"s:108:6:109:Infinity":41,"s:108:18:108:Infinity":42,"b:108:30:108:71:108:71:108:76":9,"b:109:15:109:Infinity:undefined:undefined:undefined:undefined":10,"s:109:15:109:Infinity":43,"s:109:52:109:Infinity":44,"s:111:4:111:Infinity":45,"s:112:4:112:Infinity":46,"f:112:4:112:17":11,"s:112:17:112:72":47,"s:115:2:166:Infinity":48,"b:128:21:128:28:128:28:152:Infinity":11,"b:129:10:147:Infinity:149:10:152:Infinity":12,"b:131:14:138:Infinity:140:14:144:Infinity":13,"f:141:36:141:41":12,"s:142:18:142:Infinity":49,"b:158:7:158:Infinity:159:8:163:Infinity":14},"fnNames":{}}}
,"/Users/ygorbarros/Desktop/musicNotes/src/components/AudioCell/AudioCell.tsx": {"path":"/Users/ygorbarros/Desktop/musicNotes/src/components/AudioCell/AudioCell.tsx","statementMap":{"0":{"start":{"line":41,"column":16},"end":{"line":41,"column":null}},"1":{"start":{"line":42,"column":28},"end":{"line":42,"column":30}},"2":{"start":{"line":43,"column":6},"end":{"line":43,"column":63}},"3":{"start":{"line":43,"column":18},"end":{"line":43,"column":63}},"4":{"start":{"line":48,"column":10},"end":{"line":48,"column":35}},"5":{"start":{"line":49,"column":19},"end":{"line":49,"column":40}},"6":{"start":{"line":50,"column":10},"end":{"line":50,"column":25}},"7":{"start":{"line":51,"column":14},"end":{"line":51,"column":null}},"8":{"start":{"line":52,"column":16},"end":{"line":52,"column":null}},"9":{"start":{"line":54,"column":8},"end":{"line":54,"column":49}},"10":{"start":{"line":55,"column":8},"end":{"line":55,"column":47}},"11":{"start":{"line":56,"column":8},"end":{"line":56,"column":48}},"12":{"start":{"line":57,"column":8},"end":{"line":57,"column":51}},"13":{"start":{"line":58,"column":8},"end":{"line":58,"column":38}},"14":{"start":{"line":59,"column":8},"end":{"line":59,"column":43}},"15":{"start":{"line":60,"column":8},"end":{"line":60,"column":49}},"16":{"start":{"line":61,"column":8},"end":{"line":61,"column":69}},"17":{"start":{"line":62,"column":8},"end":{"line":62,"column":69}},"18":{"start":{"line":64,"column":18},"end":{"line":64,"column":47}},"19":{"start":{"line":65,"column":20},"end":{"line":65,"column":51}},"20":{"start":{"line":66,"column":14},"end":{"line":66,"column":35}},"21":{"start":{"line":67,"column":14},"end":{"line":67,"column":35}},"22":{"start":{"line":68,"column":15},"end":{"line":68,"column":37}},"23":{"start":{"line":69,"column":16},"end":{"line":69,"column":63}},"24":{"start":{"line":70,"column":14},"end":{"line":70,"column":50}},"25":{"start":{"line":73,"column":2},"end":{"line":92,"column":null}},"26":{"start":{"line":74,"column":4},"end":{"line":78,"column":null}},"27":{"start":{"line":75,"column":6},"end":{"line":75,"column":null}},"28":{"start":{"line":76,"column":6},"end":{"line":76,"column":null}},"29":{"start":{"line":77,"column":6},"end":{"line":77,"column":null}},"30":{"start":{"line":78,"column":6},"end":{"line":78,"column":null}},"31":{"start":{"line":80,"column":20},"end":{"line":80,"column":null}},"32":{"start":{"line":81,"column":4},"end":{"line":88,"column":null}},"33":{"start":{"line":83,"column":8},"end":{"line":83,"column":null}},"34":{"start":{"line":83,"column":23},"end":{"line":83,"column":null}},"35":{"start":{"line":84,"column":8},"end":{"line":84,"column":null}},"36":{"start":{"line":85,"column":8},"end":{"line":85,"column":null}},"37":{"start":{"line":86,"column":8},"end":{"line":86,"column":null}},"38":{"start":{"line":89,"column":4},"end":{"line":90,"column":null}},"39":{"start":{"line":90,"column":6},"end":{"line":90,"column":null}},"40":{"start":{"line":94,"column":2},"end":{"line":96,"column":null}},"41":{"start":{"line":95,"column":4},"end":{"line":95,"column":null}},"42":{"start":{"line":95,"column":26},"end":{"line":95,"column":null}},"43":{"start":{"line":99,"column":2},"end":{"line":156,"column":null}},"44":{"start":{"line":100,"column":15},"end":{"line":100,"column":null}},"45":{"start":{"line":101,"column":4},"end":{"line":101,"column":null}},"46":{"start":{"line":101,"column":23},"end":{"line":101,"column":null}},"47":{"start":{"line":102,"column":14},"end":{"line":102,"column":null}},"48":{"start":{"line":103,"column":14},"end":{"line":103,"column":null}},"49":{"start":{"line":104,"column":16},"end":{"line":104,"column":57}},"50":{"start":{"line":105,"column":4},"end":{"line":105,"column":null}},"51":{"start":{"line":106,"column":4},"end":{"line":106,"column":null}},"52":{"start":{"line":107,"column":16},"end":{"line":107,"column":35}},"53":{"start":{"line":108,"column":4},"end":{"line":108,"column":null}},"54":{"start":{"line":109,"column":4},"end":{"line":109,"column":null}},"55":{"start":{"line":110,"column":19},"end":{"line":110,"column":null}},"56":{"start":{"line":111,"column":16},"end":{"line":111,"column":null}},"57":{"start":{"line":112,"column":14},"end":{"line":112,"column":null}},"58":{"start":{"line":113,"column":15},"end":{"line":113,"column":null}},"59":{"start":{"line":114,"column":18},"end":{"line":114,"column":null}},"60":{"start":{"line":115,"column":4},"end":{"line":117,"column":null}},"61":{"start":{"line":116,"column":6},"end":{"line":116,"column":null}},"62":{"start":{"line":117,"column":6},"end":{"line":117,"column":null}},"63":{"start":{"line":119,"column":4},"end":{"line":123,"column":null}},"64":{"start":{"line":119,"column":17},"end":{"line":119,"column":20}},"65":{"start":{"line":120,"column":16},"end":{"line":120,"column":null}},"66":{"start":{"line":121,"column":18},"end":{"line":121,"column":54}},"67":{"start":{"line":122,"column":6},"end":{"line":122,"column":null}},"68":{"start":{"line":123,"column":6},"end":{"line":123,"column":null}},"69":{"start":{"line":125,"column":4},"end":{"line":125,"column":null}},"70":{"start":{"line":126,"column":4},"end":{"line":126,"column":null}},"71":{"start":{"line":129,"column":4},"end":{"line":150,"column":null}},"72":{"start":{"line":130,"column":6},"end":{"line":150,"column":null}},"73":{"start":{"line":131,"column":20},"end":{"line":131,"column":null}},"74":{"start":{"line":132,"column":8},"end":{"line":150,"column":null}},"75":{"start":{"line":133,"column":22},"end":{"line":133,"column":null}},"76":{"start":{"line":134,"column":21},"end":{"line":134,"column":74}},"77":{"start":{"line":135,"column":10},"end":{"line":135,"column":null}},"78":{"start":{"line":136,"column":10},"end":{"line":136,"column":null}},"79":{"start":{"line":137,"column":10},"end":{"line":137,"column":null}},"80":{"start":{"line":138,"column":10},"end":{"line":138,"column":null}},"81":{"start":{"line":139,"column":10},"end":{"line":139,"column":null}},"82":{"start":{"line":140,"column":10},"end":{"line":140,"column":null}},"83":{"start":{"line":142,"column":22},"end":{"line":142,"column":null}},"84":{"start":{"line":143,"column":10},"end":{"line":143,"column":null}},"85":{"start":{"line":144,"column":10},"end":{"line":144,"column":null}},"86":{"start":{"line":145,"column":10},"end":{"line":145,"column":null}},"87":{"start":{"line":146,"column":10},"end":{"line":146,"column":null}},"88":{"start":{"line":147,"column":10},"end":{"line":147,"column":null}},"89":{"start":{"line":148,"column":10},"end":{"line":148,"column":null}},"90":{"start":{"line":149,"column":10},"end":{"line":149,"column":null}},"91":{"start":{"line":150,"column":10},"end":{"line":150,"column":null}},"92":{"start":{"line":160,"column":14},"end":{"line":160,"column":null}},"93":{"start":{"line":161,"column":4},"end":{"line":161,"column":null}},"94":{"start":{"line":161,"column":12},"end":{"line":161,"column":null}},"95":{"start":{"line":162,"column":4},"end":{"line":163,"column":null}},"96":{"start":{"line":162,"column":18},"end":{"line":162,"column":null}},"97":{"start":{"line":163,"column":9},"end":{"line":163,"column":null}},"98":{"start":{"line":166,"column":4},"end":{"line":166,"column":null}},"99":{"start":{"line":166,"column":19},"end":{"line":166,"column":68}},"100":{"start":{"line":172,"column":20},"end":{"line":172,"column":null}},"101":{"start":{"line":173,"column":4},"end":{"line":179,"column":null}},"102":{"start":{"line":174,"column":17},"end":{"line":178,"column":8}},"103":{"start":{"line":179,"column":6},"end":{"line":179,"column":null}},"104":{"start":{"line":179,"column":15},"end":{"line":179,"column":null}},"105":{"start":{"line":181,"column":4},"end":{"line":181,"column":null}},"106":{"start":{"line":182,"column":4},"end":{"line":182,"column":null}},"107":{"start":{"line":182,"column":40},"end":{"line":182,"column":null}},"108":{"start":{"line":183,"column":55},"end":{"line":183,"column":66}},"109":{"start":{"line":184,"column":4},"end":{"line":184,"column":null}},"110":{"start":{"line":184,"column":33},"end":{"line":184,"column":null}},"111":{"start":{"line":185,"column":4},"end":{"line":185,"column":null}},"112":{"start":{"line":188,"column":4},"end":{"line":188,"column":null}},"113":{"start":{"line":193,"column":4},"end":{"line":195,"column":null}},"114":{"start":{"line":194,"column":6},"end":{"line":194,"column":null}},"115":{"start":{"line":195,"column":6},"end":{"line":195,"column":null}},"116":{"start":{"line":197,"column":4},"end":{"line":214,"column":null}},"117":{"start":{"line":198,"column":21},"end":{"line":198,"column":79}},"118":{"start":{"line":199,"column":18},"end":{"line":199,"column":43}},"119":{"start":{"line":200,"column":6},"end":{"line":200,"column":null}},"120":{"start":{"line":201,"column":6},"end":{"line":202,"column":null}},"121":{"start":{"line":202,"column":8},"end":{"line":202,"column":null}},"122":{"start":{"line":202,"column":25},"end":{"line":202,"column":null}},"123":{"start":{"line":204,"column":6},"end":{"line":206,"column":null}},"124":{"start":{"line":205,"column":8},"end":{"line":205,"column":null}},"125":{"start":{"line":205,"column":43},"end":{"line":205,"column":52}},"126":{"start":{"line":206,"column":8},"end":{"line":206,"column":null}},"127":{"start":{"line":208,"column":6},"end":{"line":208,"column":null}},"128":{"start":{"line":210,"column":6},"end":{"line":210,"column":null}},"129":{"start":{"line":211,"column":6},"end":{"line":211,"column":null}},"130":{"start":{"line":212,"column":6},"end":{"line":212,"column":null}},"131":{"start":{"line":214,"column":6},"end":{"line":214,"column":null}},"132":{"start":{"line":218,"column":4},"end":{"line":218,"column":null}},"133":{"start":{"line":219,"column":19},"end":{"line":219,"column":null}},"134":{"start":{"line":220,"column":4},"end":{"line":220,"column":null}},"135":{"start":{"line":220,"column":24},"end":{"line":220,"column":null}},"136":{"start":{"line":221,"column":17},"end":{"line":221,"column":75}},"137":{"start":{"line":222,"column":4},"end":{"line":224,"column":null}},"138":{"start":{"line":223,"column":6},"end":{"line":223,"column":null}},"139":{"start":{"line":224,"column":6},"end":{"line":224,"column":null}},"140":{"start":{"line":226,"column":4},"end":{"line":235,"column":null}},"141":{"start":{"line":227,"column":12},"end":{"line":227,"column":28}},"142":{"start":{"line":228,"column":19},"end":{"line":228,"column":37}},"143":{"start":{"line":229,"column":18},"end":{"line":229,"column":40}},"144":{"start":{"line":230,"column":16},"end":{"line":230,"column":null}},"145":{"start":{"line":231,"column":12},"end":{"line":231,"column":62}},"146":{"start":{"line":232,"column":6},"end":{"line":232,"column":null}},"147":{"start":{"line":233,"column":6},"end":{"line":233,"column":null}},"148":{"start":{"line":235,"column":6},"end":{"line":235,"column":null}},"149":{"start":{"line":240,"column":4},"end":{"line":240,"column":null}},"150":{"start":{"line":240,"column":50},"end":{"line":240,"column":null}},"151":{"start":{"line":241,"column":4},"end":{"line":241,"column":null}},"152":{"start":{"line":244,"column":4},"end":{"line":244,"column":null}},"153":{"start":{"line":244,"column":14},"end":{"line":244,"column":null}},"154":{"start":{"line":245,"column":10},"end":{"line":245,"column":79}},"155":{"start":{"line":246,"column":4},"end":{"line":249,"column":null}},"156":{"start":{"line":250,"column":4},"end":{"line":250,"column":null}},"157":{"start":{"line":253,"column":4},"end":{"line":253,"column":null}},"158":{"start":{"line":253,"column":14},"end":{"line":253,"column":null}},"159":{"start":{"line":254,"column":10},"end":{"line":254,"column":86}},"160":{"start":{"line":255,"column":4},"end":{"line":255,"column":null}},"161":{"start":{"line":256,"column":4},"end":{"line":256,"column":null}},"162":{"start":{"line":259,"column":17},"end":{"line":259,"column":41}},"163":{"start":{"line":260,"column":4},"end":{"line":260,"column":null}},"164":{"start":{"line":260,"column":22},"end":{"line":260,"column":null}},"165":{"start":{"line":265,"column":18},"end":{"line":265,"column":null}},"166":{"start":{"line":267,"column":6},"end":{"line":269,"column":null}},"167":{"start":{"line":270,"column":4},"end":{"line":270,"column":null}},"168":{"start":{"line":270,"column":62},"end":{"line":270,"column":78}},"169":{"start":{"line":271,"column":4},"end":{"line":271,"column":null}},"170":{"start":{"line":273,"column":8},"end":{"line":274,"column":92}},"171":{"start":{"line":274,"column":4},"end":{"line":274,"column":92}},"172":{"start":{"line":274,"column":51},"end":{"line":274,"column":89}},"173":{"start":{"line":275,"column":8},"end":{"line":276,"column":68}},"174":{"start":{"line":276,"column":4},"end":{"line":276,"column":68}},"175":{"start":{"line":276,"column":53},"end":{"line":276,"column":65}},"176":{"start":{"line":278,"column":14},"end":{"line":278,"column":60}},"177":{"start":{"line":278,"column":44},"end":{"line":278,"column":60}},"178":{"start":{"line":279,"column":4},"end":{"line":279,"column":null}},"179":{"start":{"line":282,"column":4},"end":{"line":282,"column":null}},"180":{"start":{"line":282,"column":26},"end":{"line":282,"column":null}},"181":{"start":{"line":283,"column":4},"end":{"line":283,"column":null}},"182":{"start":{"line":288,"column":14},"end":{"line":288,"column":52}},"183":{"start":{"line":289,"column":4},"end":{"line":289,"column":null}},"184":{"start":{"line":292,"column":4},"end":{"line":292,"column":null}},"185":{"start":{"line":292,"column":14},"end":{"line":292,"column":null}},"186":{"start":{"line":293,"column":4},"end":{"line":293,"column":null}},"187":{"start":{"line":294,"column":4},"end":{"line":294,"column":null}},"188":{"start":{"line":297,"column":14},"end":{"line":297,"column":null}},"189":{"start":{"line":298,"column":4},"end":{"line":298,"column":null}},"190":{"start":{"line":298,"column":12},"end":{"line":298,"column":null}},"191":{"start":{"line":299,"column":15},"end":{"line":299,"column":25}},"192":{"start":{"line":300,"column":4},"end":{"line":302,"column":null}},"193":{"start":{"line":301,"column":6},"end":{"line":301,"column":null}},"194":{"start":{"line":302,"column":6},"end":{"line":302,"column":null}},"195":{"start":{"line":306,"column":14},"end":{"line":306,"column":null}},"196":{"start":{"line":307,"column":4},"end":{"line":307,"column":null}},"197":{"start":{"line":308,"column":4},"end":{"line":308,"column":null}},"198":{"start":{"line":308,"column":23},"end":{"line":308,"column":null}},"199":{"start":{"line":309,"column":4},"end":{"line":309,"column":null}},"200":{"start":{"line":309,"column":26},"end":{"line":309,"column":null}},"201":{"start":{"line":310,"column":4},"end":{"line":310,"column":null}},"202":{"start":{"line":311,"column":4},"end":{"line":311,"column":null}},"203":{"start":{"line":315,"column":4},"end":{"line":327,"column":null}},"204":{"start":{"line":321,"column":8},"end":{"line":321,"column":78}},"205":{"start":{"line":323,"column":27},"end":{"line":323,"column":62}},"206":{"start":{"line":324,"column":20},"end":{"line":324,"column":36}},"207":{"start":{"line":325,"column":21},"end":{"line":325,"column":38}},"208":{"start":{"line":326,"column":21},"end":{"line":326,"column":null}},"209":{"start":{"line":331,"column":2},"end":{"line":359,"column":null}},"210":{"start":{"line":332,"column":4},"end":{"line":3
[...]
"column":null}},"59":{"start":{"line":80,"column":2},"end":{"line":83,"column":null}},"60":{"start":{"line":81,"column":4},"end":{"line":81,"column":null}},"61":{"start":{"line":82,"column":4},"end":{"line":82,"column":null}},"62":{"start":{"line":86,"column":2},"end":{"line":86,"column":null}},"63":{"start":{"line":87,"column":2},"end":{"line":87,"column":null}},"64":{"start":{"line":87,"column":17},"end":{"line":87,"column":null}},"65":{"start":{"line":88,"column":2},"end":{"line":88,"column":null}},"66":{"start":{"line":93,"column":2},"end":{"line":93,"column":null}},"67":{"start":{"line":93,"column":17},"end":{"line":93,"column":null}},"68":{"start":{"line":98,"column":2},"end":{"line":102,"column":null}},"69":{"start":{"line":99,"column":4},"end":{"line":99,"column":null}},"70":{"start":{"line":99,"column":79},"end":{"line":99,"column":null}},"71":{"start":{"line":100,"column":4},"end":{"line":100,"column":null}},"72":{"start":{"line":102,"column":4},"end":{"line":102,"column":null}},"73":{"start":{"line":112,"column":2},"end":{"line":117,"column":null}},"74":{"start":{"line":113,"column":30},"end":{"line":113,"column":74}},"75":{"start":{"line":114,"column":23},"end":{"line":114,"column":null}},"76":{"start":{"line":115,"column":4},"end":{"line":115,"column":null}},"77":{"start":{"line":117,"column":4},"end":{"line":117,"column":null}},"78":{"start":{"line":124,"column":16},"end":{"line":124,"column":null}},"79":{"start":{"line":127,"column":2},"end":{"line":131,"column":null}},"80":{"start":{"line":128,"column":16},"end":{"line":128,"column":51}},"81":{"start":{"line":129,"column":4},"end":{"line":129,"column":null}},"82":{"start":{"line":131,"column":4},"end":{"line":131,"column":null}},"83":{"start":{"line":136,"column":2},"end":{"line":139,"column":null}},"84":{"start":{"line":137,"column":4},"end":{"line":137,"column":null}},"85":{"start":{"line":139,"column":4},"end":{"line":139,"column":null}},"86":{"start":{"line":145,"column":16},"end":{"line":145,"column":69}},"87":{"start":{"line":145,"column":46},"end":{"line":145,"column":68}},"88":{"start":{"line":146,"column":8},"end":{"line":153,"column":null}},"89":{"start":{"line":148,"column":6},"end":{"line":152,"column":null}},"90":{"start":{"line":149,"column":18},"end":{"line":149,"column":null}},"91":{"start":{"line":150,"column":8},"end":{"line":150,"column":null}},"92":{"start":{"line":151,"column":8},"end":{"line":151,"column":null}},"93":{"start":{"line":155,"column":2},"end":{"line":155,"column":null}}},"fnMap":{"0":{"name":"openDb","decl":{"start":{"line":17,"column":9},"end":{"line":17,"column":40}},"loc":{"start":{"line":17,"column":40},"end":{"line":26,"column":null}},"line":17},"1":{"name":"(anonymous_1)","decl":{"start":{"line":19,"column":18},"end":{"line":19,"column":27}},"loc":{"start":{"line":19,"column":47},"end":{"line":25,"column":null}},"line":19},"2":{"name":"(anonymous_2)","decl":{"start":{"line":22,"column":8},"end":{"line":22,"column":32}},"loc":{"start":{"line":22,"column":32},"end":{"line":22,"column":70}},"line":22},"3":{"name":"(anonymous_3)","decl":{"start":{"line":23,"column":8},"end":{"line":23,"column":26}},"loc":{"start":{"line":23,"column":26},"end":{"line":23,"column":45}},"line":23},"4":{"name":"(anonymous_4)","decl":{"start":{"line":24,"column":8},"end":{"line":24,"column":24}},"loc":{"start":{"line":24,"column":24},"end":{"line":24,"column":41}},"line":24},"5":{"name":"idbGet","decl":{"start":{"line":28,"column":15},"end":{"line":28,"column":22}},"loc":{"start":{"line":28,"column":53},"end":{"line":34,"column":null}},"line":28},"6":{"name":"(anonymous_6)","decl":{"start":{"line":30,"column":13},"end":{"line":30,"column":22}},"loc":{"start":{"line":30,"column":42},"end":{"line":34,"column":null}},"line":30},"7":{"name":"(anonymous_7)","decl":{"start":{"line":32,"column":6},"end":{"line":32,"column":24}},"loc":{"start":{"line":32,"column":24},"end":{"line":32,"column":41}},"line":32},"8":{"name":"(anonymous_8)","decl":{"start":{"line":33,"column":6},"end":{"line":33,"column":22}},"loc":{"start":{"line":33,"column":22},"end":{"line":33,"column":37}},"line":33},"9":{"name":"idbSet","decl":{"start":{"line":36,"column":15},"end":{"line":36,"column":22}},"loc":{"start":{"line":36,"column":66},"end":{"line":43,"column":null}},"line":36},"10":{"name":"(anonymous_10)","decl":{"start":{"line":38,"column":13},"end":{"line":38,"column":22}},"loc":{"start":{"line":38,"column":42},"end":{"line":43,"column":null}},"line":38},"11":{"name":"(anonymous_11)","decl":{"start":{"line":41,"column":7},"end":{"line":41,"column":26}},"loc":{"start":{"line":41,"column":26},"end":{"line":41,"column":35}},"line":41},"12":{"name":"(anonymous_12)","decl":{"start":{"line":42,"column":7},"end":{"line":42,"column":23}},"loc":{"start":{"line":42,"column":23},"end":{"line":42,"column":39}},"line":42},"13":{"name":"loadState","decl":{"start":{"line":46,"column":22},"end":{"line":46,"column":53}},"loc":{"start":{"line":46,"column":53},"end":{"line":69,"column":null}},"line":46},"14":{"name":"writeNow","decl":{"start":{"line":74,"column":9},"end":{"line":74,"column":26}},"loc":{"start":{"line":74,"column":26},"end":{"line":83,"column":null}},"line":74},"15":{"name":"(anonymous_15)","decl":{"start":{"line":80,"column":23},"end":{"line":80,"column":30}},"loc":{"start":{"line":80,"column":36},"end":{"line":83,"column":null}},"line":80},"16":{"name":"saveState","decl":{"start":{"line":85,"column":16},"end":{"line":85,"column":26}},"loc":{"start":{"line":85,"column":49},"end":{"line":88,"column":null}},"line":85},"17":{"name":"flushState","decl":{"start":{"line":92,"column":16},"end":{"line":92,"column":35}},"loc":{"start":{"line":92,"column":35},"end":{"line":93,"column":null}},"line":92},"18":{"name":"requestPersistentStorage","decl":{"start":{"line":97,"column":22},"end":{"line":97,"column":67}},"loc":{"start":{"line":97,"column":67},"end":{"line":102,"column":null}},"line":97},"19":{"name":"storageEstimate","decl":{"start":{"line":111,"column":22},"end":{"line":111,"column":72}},"loc":{"start":{"line":111,"column":72},"end":{"line":117,"column":null}},"line":111},"20":{"name":"getPref","decl":{"start":{"line":126,"column":16},"end":{"line":126,"column":27}},"loc":{"start":{"line":126,"column":56},"end":{"line":131,"column":null}},"line":126},"21":{"name":"setPref","decl":{"start":{"line":135,"column":16},"end":{"line":135,"column":24}},"loc":{"start":{"line":135,"column":59},"end":{"line":139,"column":null}},"line":135},"22":{"name":"usePref","decl":{"start":{"line":144,"column":16},"end":{"line":144,"column":27}},"loc":{"start":{"line":144,"column":96},"end":{"line":155,"column":null}},"line":144},"23":{"name":"(anonymous_23)","decl":{"start":{"line":145,"column":28},"end":{"line":145,"column":46}},"loc":{"start":{"line":145,"column":46},"end":{"line":145,"column":68}},"line":145},"24":{"name":"(anonymous_24)","decl":{"start":{"line":146,"column":14},"end":{"line":146,"column":null}},"loc":{"start":{"line":148,"column":6},"end":{"line":152,"column":null}},"line":148},"25":{"name":"(anonymous_25)","decl":{"start":{"line":148,"column":6},"end":{"line":148,"column":16}},"loc":{"start":{"line":148,"column":25},"end":{"line":152,"column":null}},"line":148}},"branchMap":{"0":{"loc":{"start":{"line":18,"column":2},"end":{"line":18,"column":null}},"type":"if","locations":[{"start":{"line":18,"column":2},"end":{"line":18,"column":null}},{"start":{},"end":{}}],"line":18},"1":{"loc":{"start":{"line":20,"column":4},"end":{"line":20,"column":null}},"type":"if","locations":[{"start":{"line":20,"column":4},"end":{"line":20,"column":null}},{"start":{},"end":{}}],"line":20},"2":{"loc":{"start":{"line":49,"column":4},"end":{"line":49,"column":null}},"type":"if","locations":[{"start":{"line":49,"column":4},"end":{"line":49,"column":null}},{"start":{},"end":{}}],"line":49},"3":{"loc":{"start":{"line":56,"column":4},"end":{"line":64,"column":null}},"type":"if","locations":[{"start":{"line":56,"column":4},"end":{"line":64,"column":null}},{"start":{},"end":{}}],"line":56},"4":{"loc":{"start":{"line":75,"column":2},"end":{"line":75,"column":null}},"type":"if","locations":[{"start":{"line":75,"column":2},"end":{"line":75,"column":null}},{"start":{},"end":{}}],"line":75},"5":{"loc":{"start":{"line":78,"column":2},"end":{"line":78,"column":null}},"type":"if","locations":[{"start":{"line":78,"column":2},"end":{"line":78,"column":null}},{"start":{},"end":{}}],"line":78},"6":{"loc":{"start":{"line":87,"column":2},"end":{"line":87,"column":null}},"type":"if","locations":[{"start":{"line":87,"column":2},"end":{"line":87,"column":null}},{"start":{},"end":{}}],"line":87},"7":{"loc":{"start":{"line":93,"column":2},"end":{"line":93,"column":null}},"type":"if","locations":[{"start":{"line":93,"column":2},"end":{"line":93,"column":null}},{"start":{},"end":{}}],"line":93},"8":{"loc":{"start":{"line":99,"column":4},"end":{"line":99,"column":null}},"type":"if","locations":[{"start":{"line":99,"column":4},"end":{"line":99,"column":null}},{"start":{},"end":{}}],"line":99},"9":{"loc":{"start":{"line":99,"column":8},"end":{"line":99,"column":76}},"type":"binary-expr","locations":[{"start":{"line":99,"column":8},"end":{"line":99,"column":41}},{"start":{"line":99,"column":41},"end":{"line":99,"column":76}}],"line":99},"10":{"loc":{"start":{"line":100,"column":12},"end":{"line":100,"column":null}},"type":"binary-expr","locations":[{"start":{"line":100,"column":12},"end":{"line":100,"column":48}},{"start":{"line":100,"column":53},"end":{"line":100,"column":null}}],"line":100},"11":{"loc":{"start":{"line":113,"column":30},"end":{"line":113,"column":74}},"type":"binary-expr","locations":[{"start":{"line":113,"column":30},"end":{"line":113,"column":67}},{"start":{"line":113,"column":72},"end":{"line":113,"column":74}}],"line":113},"12":{"loc":{"start":{"line":114,"column":23},"end":{"line":114,"column":null}},"type":"binary-expr","locations":[{"start":{"line":114,"column":23},"end":{"line":114,"column":61}},{"start":{"line":114,"column":66},"end":{"line":114,"column":null}}],"line":114},"13":{"loc":{"start":{"line":129,"column":11},"end":{"line":129,"column":null}},"type":"cond-expr","locations":[{"start":{"line":129,"column":26},"end":{"line":129,"column":41}},{"start":{"line":129,"column":50},"end":{"line":129,"column":null}}],"line":129},"14":{"loc":{"start":{"line":149,"column":18},"end":{"line":149,"column":null}},"type":"cond-expr","locations":[{"start":{"line":149,"column":48},"end":{"line":149,"column":74}},{"start":{"line":149,"column":77},"end":{"line":149,"column":null}}],"line":149}},"s":{"0":0,"1":0,"2":0,"3":0,"4":0,"5":0,"6":0,"7":0,"8":0,"9":0,"10":0,"11":0,"12":0,"13":0,"14":0,"15":0,"16":0,"17":0,"18":0,"19":0,"20":0,"21":0,"22":0,"23":0,"24":0,"25":0,"26":0,"27":0,"28":0,"29":0,"30":0,"31":0,"32":0,"33":0,"34":0,"35":0,"36":0,"37":0,"38":0,"39":0,"40":0,"41":0,"42":0,"43":0,"44":0,"45":0,"46":0,"47":0,"48":0,"49":0,"50":0,"51":0,"52":0,"53":0,"54":0,"55":0,"56":0,"57":0,"58":0,"59":0,"60":0,"61":0,"62":0,"63":0,"64":0,"65":0,"66":0,"67":0,"68":0,"69":0,"70":0,"71":0,"72":0,"73":0,"74":0,"75":0,"76":0,"77":0,"78":0,"79":0,"80":0,"81":0,"82":0,"83":0,"84":0,"85":0,"86":0,"87":0,"88":0,"89":0,"90":0,"91":0,"92":0,"93":0},"f":{"0":0,"1":0,"2":0,"3":0,"4":0,"5":0,"6":0,"7":0,"8":0,"9":0,"10":0,"11":0,"12":0,"13":0,"14":0,"15":0,"16":0,"17":0,"18":0,"19":0,"20":0,"21":0,"22":0,"23":0,"24":0,"25":0},"b":{"0":[0,0],"1":[0,0],"2":[0,0],"3":[0,0],"4":[0,0],"5":[0,0],"6":[0,0],"7":[0,0],"8":[0,0],"9":[0,0],"10":[0,0],"11":[0,0],"12":[0,0],"13":[0,0],"14":[0,0]},"meta":{"lastBranch":15,"lastFunction":26,"lastStatement":94,"seen":{"s:9:18:9:Infinity":0,"s:10:16:10:Infinity":1,"s:11:17:11:Infinity":2,"s:12:18:12:Infinity":3,"s:13:30:13:Infinity":4,"s:16:45:16:Infinity":5,"f:17:9:17:40":0,"b:18:2:18:Infinity:undefined:undefined:undefined:undefined":0,"s:18:2:18:Infinity":6,"s:18:17:18:Infinity":7,"s:19:2:25:Infinity":8,"f:19:18:19:27":1,"b:20:4:20:Infinity:undefined:undefined:undefined:undefined":1,"s:20:4:20:Infinity":9,"s:20:42:20:Infinity":10,"s:21:16:21:42":11,"s:22:4:22:Infinity":12,"f:22:8:22:32":2,"s:22:32:22:70":13,"s:23:4:23:Infinity":14,"f:23:8:23:26":3,"s:23:26:23:45":15,"s:24:4:24:Infinity":16,"f:24:8:24:24":4,"s:24:24:24:41":17,"s:26:2:26:Infinity":18,"f:28:15:28:22":5,"s:29:13:29:27":19,"s:30:2:34:Infinity":20,"f:30:13:30:22":6,"s:31:14:31:81":21,"s:32:4:32:Infinity":22,"f:32:6:32:24":7,"s:32:24:32:41":23,"s:33:4:33:Infinity":24,"f:33:6:33:22":8,"s:33:22:33:37":25,"f:36:15:36:22":9,"s:37:13:37:27":26,"s:38:2:43:Infinity":27,"f:38:13:38:22":10,"s:39:15:39:52":28,"s:40:4:40:Infinity":29,"s:41:4:41:Infinity":30,"f:41:7:41:26":11,"s:41:26:41:35":31,"s:42:4:42:Infinity":32,"f:42:7:42:23":12,"s:42:23:42:39":33,"f:46:22:46:53":13,"s:47:2:51:Infinity":34,"s:48:20:48:43":35,"b:49:4:49:Infinity:undefined:undefined:undefined:undefined":2,"s:49:4:49:Infinity":36,"s:49:17:49:Infinity":37,"s:51:4:51:Infinity":38,"s:54:2:67:Infinity":39,"s:55:16:55:47":40,"b:56:4:64:Infinity:undefined:undefined:undefined:undefined":3,"s:56:4:64:Infinity":41,"s:57:21:57:36":42,"s:58:6:62:Infinity":43,"s:59:8:59:Infinity":44,"s:60:8:60:Infinity":45,"s:62:8:62:Infinity":46,"s:64:6:64:Infinity":47,"s:67:4:67:Infinity":48,"s:69:2:69:Infinity":49,"s:72:54:72:Infinity":50,"s:73:36:73:Infinity":51,"f:74:9:74:26":14,"b:75:2:75:Infinity:undefined:undefined:undefined:undefined":4,"s:75:2:75:Infinity":52,"s:75:28:75:Infinity":53,"s:76:12:76:Infinity":54,"s:77:2:77:Infinity":55,"b:78:2:78:Infinity:undefined:undefined:undefined:undefined":5,"s:78:2:78:Infinity":56,"s:78:17:78:Infinity":57,"s:79:2:79:Infinity":58,"s:80:2:83:Infinity":59,"f:80:23:80:30":15,"s:81:4:81:Infinity":60,"s:82:4:82:Infinity":61,"f:85:16:85:26":16,"s:86:2:86:Infinity":62,"b:87:2:87:Infinity:undefined:undefined:undefined:undefined":6,"s:87:2:87:Infinity":63,"s:87:17:87:Infinity":64,"s:88:2:88:Infinity":65,"f:92:16:92:35":17,"b:93:2:93:Infinity:undefined:undefined:undefined:undefined":7,"s:93:2:93:Infinity":66,"s:93:17:93:Infinity":67,"f:97:22:97:67":18,"s:98:2:102:Infinity":68,"b:99:4:99:Infinity:undefined:undefined:undefined:undefined":8,"s:99:4:99:Infinity":69,"b:99:8:99:41:99:41:99:76":9,"s:99:79:99:Infinity":70,"s:100:4:100:Infinity":71,"b:100:12:100:48:100:53:100:Infinity":10,"s:102:4:102:Infinity":72,"f:111:22:111:72":19,"s:112:2:117:Infinity":73,"s:113:30:113:74":74,"b:113:30:113:67:113:72:113:74":11,"s:114:23:114:Infinity":75,"b:114:23:114:61:114:66:114:Infinity":12,"s:115:4:115:Infinity":76,"s:117:4:117:Infinity":77,"s:124:16:124:Infinity":78,"f:126:16:126:27":20,"s:127:2:131:Infinity":79,"s:128:16:128:51":80,"s:129:4:129:Infinity":81,"b:129:26:129:41:129:50:129:Infinity":13,"s:131:4:131:Infinity":82,"f:135:16:135:24":21,"s:136:2:139:Infinity":83,"s:137:4:137:Infinity":84,"s:139:4:139:Infinity":85,"f:144:16:144:27":22,"s:145:16:145:69":86,"f:145:28:145:46":23,"s:145:46:145:68":87,"s:146:8:153:Infinity":88,"f:146:14:146:Infinity":24,"s:148:6:152:Infinity":89,"f:148:6:148:16":25,"s:149:18:149:Infinity":90,"b:149:48:149:74:149:77:149:Infinity":14,"s:150:8:150:Infinity":91,"s:151:8:151:Infinity":92,"s:155:2:155:Infinity":93},"fnNames":{}}}
,"/Users/ygorbarros/Desktop/musicNotes/src/providers/ThemeProvider/ThemeProvider.tsx": {"path":"/Users/ygorbarros/Desktop/musicNotes/src/providers/ThemeProvider/ThemeProvider.tsx","statementMap":{"0":{"start":{"line":17,"column":6},"end":{"line":17,"column":59}},"1":{"start":{"line":19,"column":8},"end":{"line":19,"column":38}},"2":{"start":{"line":20,"column":2},"end":{"line":20,"column":null}},"3":{"start":{"line":20,"column":12},"end":{"line":20,"column":null}},"4":{"start":{"line":21,"column":2},"end":{"line":21,"column":null}},"5":{"start":{"line":25,"column":17},"end":{"line":25,"column":55}},"6":{"start":{"line":27,"column":2},"end":{"line":29,"column":null}},"7":{"start":{"line":28,"column":4},"end":{"line":28,"column":null}},"8":{"start":{"line":31,"column":8},"end":{"line":37,"column":null}},"9":{"start":{"line":32,"column":11},"end":{"line":36,"column":null}},"10":{"start":{"line":35,"column":20},"end":{"line":35,"column":null}},"11":{"start":{"line":35,"column":38},"end":{"line":35,"column":null}},"12":{"start":{"line":40,"column":2},"end":{"line":47,"column":null}}},"fnMap":{"0":{"name":"useTheme","decl":{"start":{"line":18,"column":16},"end":{"line":18,"column":39}},"loc":{"start":{"line":18,"column":39},"end":{"line":21,"column":null}},"line":18},"1":{"name":"ThemeProvider","decl":{"start":{"line":24,"column":24},"end":{"line":24,"column":38}},"loc":{"start":{"line":24,"column":77},"end":{"line":47,"column":null}},"line":24},"2":{"name":"(anonymous_2)","decl":{"start":{"line":27,"column":2},"end":{"line":27,"column":18}},"loc":{"start":{"line":27,"column":18},"end":{"line":29,"column":6}},"line":27},"3":{"name":"(anonymous_3)","decl":{"start":{"line":31,"column":16},"end":{"line":31,"column":null}},"loc":{"start":{"line":32,"column":11},"end":{"line":36,"column":null}},"line":32},"4":{"name":"(anonymous_4)","decl":{"start":{"line":35,"column":6},"end":{"line":35,"column":20}},"loc":{"start":{"line":35,"column":20},"end":{"line":35,"column":null}},"line":35},"5":{"name":"(anonymous_5)","decl":{"start":{"line":35,"column":20},"end":{"line":35,"column":31}},"loc":{"start":{"line":35,"column":38},"end":{"line":35,"column":null}},"line":35}},"branchMap":{"0":{"loc":{"start":{"line":20,"column":2},"end":{"line":20,"column":null}},"type":"if","locations":[{"start":{"line":20,"column":2},"end":{"line":20,"column":null}},{"start":{},"end":{}}],"line":20},"1":{"loc":{"start":{"line":35,"column":38},"end":{"line":35,"column":null}},"type":"cond-expr","locations":[{"start":{"line":35,"column":53},"end":{"line":35,"column":63}},{"start":{"line":35,"column":63},"end":{"line":35,"column":null}}],"line":35}},"s":{"0":0,"1":0,"2":0,"3":0,"4":0,"5":0,"6":0,"7":0,"8":0,"9":0,"10":0,"11":0,"12":0},"f":{"0":0,"1":0,"2":0,"3":0,"4":0,"5":0},"b":{"0":[0,0],"1":[0,0]},"meta":{"lastBranch":2,"lastFunction":6,"lastStatement":13,"seen":{"s:17:6:17:59":0,"f:18:16:18:39":0,"s:19:8:19:38":1,"b:20:2:20:Infinity:undefined:undefined:undefined:undefined":0,"s:20:2:20:Infinity":2,"s:20:12:20:Infinity":3,"s:21:2:21:Infinity":4,"f:24:24:24:38":1,"s:25:17:25:55":5,"s:27:2:29:Infinity":6,"f:27:2:27:18":2,"s:28:4:28:Infinity":7,"s:31:8:37:Infinity":8,"f:31:16:31:Infinity":3,"s:32:11:36:Infinity":9,"f:35:6:35:20":4,"s:35:20:35:Infinity":10,"f:35:20:35:31":5,"s:35:38:35:Infinity":11,"b:35:53:35:63:35:63:35:Infinity":1,"s:40:2:47:Infinity":12},"fnNames":{}}}
,"/Users/ygorbarros/Desktop/musicNotes/src/utils/file.ts": {"path":"/Users/ygorbarros/Desktop/musicNotes/src/utils/file.ts","statementMap":{"0":{"start":{"line":3,"column":2},"end":{"line":8,"column":null}},"1":{"start":{"line":4,"column":19},"end":{"line":4,"column":35}},"2":{"start":{"line":5,"column":4},"end":{"line":5,"column":null}},"3":{"start":{"line":5,"column":26},"end":{"line":5,"column":58}},"4":{"start":{"line":6,"column":4},"end":{"line":6,"column":null}},"5":{"start":{"line":7,"column":4},"end":{"line":7,"column":null}}},"fnMap":{"0":{"name":"fileToDataUrl","decl":{"start":{"line":2,"column":16},"end":{"line":2,"column":30}},"loc":{"start":{"line":2,"column":59},"end":{"line":8,"column":null}},"line":2},"1":{"name":"(anonymous_1)","decl":{"start":{"line":3,"column":13},"end":{"line":3,"column":22}},"loc":{"start":{"line":3,"column":42},"end":{"line":8,"column":null}},"line":3},"2":{"name":"(anonymous_2)","decl":{"start":{"line":5,"column":11},"end":{"line":5,"column":26}},"loc":{"start":{"line":5,"column":26},"end":{"line":5,"column":58}},"line":5}},"branchMap":{},"s":{"0":0,"1":0,"2":0,"3":0,"4":0,"5":0},"f":{"0":0,"1":0,"2":0},"b":{},"meta":{"lastBranch":0,"lastFunction":3,"lastStatement":6,"seen":{"f:2:16:2:30":0,"s:3:2:8:Infinity":0,"f:3:13:3:22":1,"s:4:19:4:35":1,"s:5:4:5:Infinity":2,"f:5:11:5:26":2,"s:5:26:5:58":3,"s:6:4:6:Infinity":4,"s:7:4:7:Infinity":5},"fnNames":{}}}
}
